[2021-04-17 23:21:47] mh_performance_dashboard.INFO: non_cacheable_layout {"V":1,"Md":"cms","Ct":"index","Ac":"index","Rt":"cms"} []
[2021-04-17 23:21:47] mh_performance_dashboard.INFO: non_cacheable_layout {"V":1,"Md":"cms","Ct":"index","Ac":"index","Rt":"cms"} []
[2021-04-17 23:21:48] mh_performance_dashboard.INFO: non_cacheable_layout {"V":1,"Md":"cms","Ct":"noroute","Ac":"index","Rt":"cms"} []
[2021-04-17 23:21:48] mh_performance_dashboard.INFO: non_cacheable_layout {"V":1,"Md":"cms","Ct":"noroute","Ac":"index","Rt":"cms"} []
[2021-04-17 23:22:03] mh_performance_dashboard.INFO: non_cacheable_layout {"V":1,"Md":"catalog","Ct":"category","Ac":"view","Rt":"catalog"} []
[2021-04-17 23:22:03] mh_performance_dashboard.INFO: non_cacheable_layout {"V":1,"Md":"catalog","Ct":"category","Ac":"view","Rt":"catalog"} []
[2021-04-17 23:22:12] mh_performance_dashboard.INFO: non_cacheable_layout {"V":1,"Md":"cms","Ct":"noroute","Ac":"index","Rt":"cms"} []
[2021-04-17 23:22:12] mh_performance_dashboard.INFO: non_cacheable_layout {"V":1,"Md":"cms","Ct":"noroute","Ac":"index","Rt":"cms"} []
[2021-04-17 23:22:19] mh_performance_dashboard.INFO: non_cacheable_layout {"V":1,"Md":"cms","Ct":"index","Ac":"index","Rt":"cms"} []
[2021-04-17 23:22:19] mh_performance_dashboard.INFO: non_cacheable_layout {"V":1,"Md":"cms","Ct":"index","Ac":"index","Rt":"cms"} []
[2021-04-17 23:22:19] mh_performance_dashboard.INFO: non_cacheable_layout {"V":1,"Md":"cms","Ct":"noroute","Ac":"index","Rt":"cms"} []
[2021-04-17 23:22:19] mh_performance_dashboard.INFO: non_cacheable_layout {"V":1,"Md":"cms","Ct":"noroute","Ac":"index","Rt":"cms"} []
[2021-04-17 23:22:33] mh_performance_dashboard.INFO: non_cacheable_layout {"V":1,"Md":"cms","Ct":"page","Ac":"view","Rt":"cms"} []
[2021-04-17 23:22:33] mh_performance_dashboard.INFO: non_cacheable_layout {"V":1,"Md":"cms","Ct":"page","Ac":"view","Rt":"cms"} []
[2021-04-17 23:22:34] mh_performance_dashboard.INFO: non_cacheable_layout {"V":1,"Md":"cms","Ct":"noroute","Ac":"index","Rt":"cms"} []
[2021-04-17 23:22:34] mh_performance_dashboard.INFO: non_cacheable_layout {"V":1,"Md":"cms","Ct":"noroute","Ac":"index","Rt":"cms"} []
[2021-04-17 23:22:41] mh_performance_dashboard.INFO: non_cacheable_layout {"V":1,"Md":"cms","Ct":"page","Ac":"view","Rt":"cms"} []
[2021-04-17 23:22:41] mh_performance_dashboard.INFO: non_cacheable_layout {"V":1,"Md":"cms","Ct":"page","Ac":"view","Rt":"cms"} []
[2021-04-17 23:22:41] mh_performance_dashboard.INFO: non_cacheable_layout {"V":1,"Md":"cms","Ct":"noroute","Ac":"index","Rt":"cms"} []
[2021-04-17 23:22:41] mh_performance_dashboard.INFO: non_cacheable_layout {"V":1,"Md":"cms","Ct":"noroute","Ac":"index","Rt":"cms"} []
[2021-04-17 23:22:45] mh_performance_dashboard.INFO: non_cacheable_layout {"V":1,"Md":"catalog","Ct":"category","Ac":"view","Rt":"catalog"} []
[2021-04-17 23:22:45] mh_performance_dashboard.INFO: non_cacheable_layout {"V":1,"Md":"catalog","Ct":"category","Ac":"view","Rt":"catalog"} []
[2021-04-17 23:22:52] mh_performance_dashboard.INFO: non_cacheable_layout {"V":1,"Md":"cms","Ct":"noroute","Ac":"index","Rt":"cms"} []
[2021-04-17 23:22:52] mh_performance_dashboard.INFO: non_cacheable_layout {"V":1,"Md":"cms","Ct":"noroute","Ac":"index","Rt":"cms"} []
[2021-04-17 23:22:55] mh_performance_dashboard.INFO: non_cacheable_layout {"V":1,"Md":"catalog","Ct":"product","Ac":"view","Rt":"catalog"} []
[2021-04-17 23:22:56] mh_performance_dashboard.INFO: non_cacheable_layout {"V":1,"Md":"catalog","Ct":"product","Ac":"view","Rt":"catalog"} []
[2021-04-17 23:22:58] mh_performance_dashboard.INFO: non_cacheable_layout {"V":1,"Md":"cms","Ct":"noroute","Ac":"index","Rt":"cms"} []
[2021-04-17 23:22:58] mh_performance_dashboard.INFO: non_cacheable_layout {"V":1,"Md":"cms","Ct":"noroute","Ac":"index","Rt":"cms"} []
[2021-04-17 23:23:02] mh_performance_dashboard.INFO: non_cacheable_layout {"V":1,"Md":"catalog","Ct":"category","Ac":"view","Rt":"catalog"} []
[2021-04-17 23:23:02] mh_performance_dashboard.INFO: non_cacheable_layout {"V":1,"Md":"catalog","Ct":"category","Ac":"view","Rt":"catalog"} []
[2021-04-17 23:23:08] mh_performance_dashboard.INFO: non_cacheable_layout {"V":1,"Md":"cms","Ct":"noroute","Ac":"index","Rt":"cms"} []
[2021-04-17 23:23:08] mh_performance_dashboard.INFO: non_cacheable_layout {"V":1,"Md":"cms","Ct":"noroute","Ac":"index","Rt":"cms"} []
[2021-04-17 23:26:19] mh_performance_dashboard.INFO: non_cacheable_layout {"V":1,"Md":"cms","Ct":"index","Ac":"index","Rt":"cms"} []
[2021-04-17 23:26:19] mh_performance_dashboard.INFO: non_cacheable_layout {"V":1,"Md":"cms","Ct":"index","Ac":"index","Rt":"cms"} []
[2021-04-17 23:26:20] mh_performance_dashboard.INFO: non_cacheable_layout {"V":1,"Md":"cms","Ct":"noroute","Ac":"index","Rt":"cms"} []
[2021-04-17 23:26:20] mh_performance_dashboard.INFO: non_cacheable_layout {"V":1,"Md":"cms","Ct":"noroute","Ac":"index","Rt":"cms"} []
[2021-04-17 23:26:26] mh_performance_dashboard.INFO: non_cacheable_layout {"V":1,"Md":"catalog","Ct":"category","Ac":"view","Rt":"catalog"} []
[2021-04-17 23:26:26] mh_performance_dashboard.INFO: non_cacheable_layout {"V":1,"Md":"catalog","Ct":"category","Ac":"view","Rt":"catalog"} []
[2021-04-17 23:26:31] mh_performance_dashboard.INFO: non_cacheable_layout {"V":1,"Md":"cms","Ct":"noroute","Ac":"index","Rt":"cms"} []
[2021-04-17 23:26:31] mh_performance_dashboard.INFO: non_cacheable_layout {"V":1,"Md":"cms","Ct":"noroute","Ac":"index","Rt":"cms"} []
