[2021-06-04 22:33:23] mh_performance_dashboard.INFO: non_cacheable_layout {"V":1,"Md":"cms","Ct":"index","Ac":"index","Rt":"cms"} []
[2021-06-04 22:33:23] mh_performance_dashboard.INFO: non_cacheable_layout {"V":1,"Md":"cms","Ct":"index","Ac":"index","Rt":"cms"} []
[2021-06-04 22:33:39] mh_performance_dashboard.INFO: non_cacheable_layout {"V":1,"Md":"cms","Ct":"index","Ac":"index","Rt":"cms"} []
[2021-06-04 22:33:39] mh_performance_dashboard.INFO: non_cacheable_layout {"V":1,"Md":"cms","Ct":"index","Ac":"index","Rt":"cms"} []
[2021-06-04 22:34:03] mh_performance_dashboard.INFO: non_cacheable_layout {"V":1,"Md":"cms","Ct":"page","Ac":"view","Rt":"cms"} []
[2021-06-04 22:34:03] mh_performance_dashboard.INFO: non_cacheable_layout {"V":1,"Md":"cms","Ct":"page","Ac":"view","Rt":"cms"} []
[2021-06-04 22:52:38] mh_performance_dashboard.INFO: non_cacheable_layout {"V":1,"Md":"cms","Ct":"index","Ac":"index","Rt":"cms"} []
[2021-06-04 22:52:38] mh_performance_dashboard.INFO: non_cacheable_layout {"V":1,"Md":"cms","Ct":"index","Ac":"index","Rt":"cms"} []
[2021-06-04 22:52:43] mh_performance_dashboard.INFO: non_cacheable_layout {"V":1,"Md":"cms","Ct":"noroute","Ac":"index","Rt":"cms"} []
[2021-06-04 22:52:43] mh_performance_dashboard.INFO: non_cacheable_layout {"V":1,"Md":"cms","Ct":"noroute","Ac":"index","Rt":"cms"} []
[2021-06-04 22:52:49] mh_performance_dashboard.INFO: non_cacheable_layout {"V":1,"Md":"catalog","Ct":"category","Ac":"view","Rt":"catalog"} []
[2021-06-04 22:52:49] mh_performance_dashboard.INFO: non_cacheable_layout {"V":1,"Md":"catalog","Ct":"category","Ac":"view","Rt":"catalog"} []
[2021-06-04 22:52:58] mh_performance_dashboard.INFO: non_cacheable_layout {"V":1,"Md":"cms","Ct":"noroute","Ac":"index","Rt":"cms"} []
[2021-06-04 22:52:58] mh_performance_dashboard.INFO: non_cacheable_layout {"V":1,"Md":"cms","Ct":"noroute","Ac":"index","Rt":"cms"} []
[2021-06-04 22:53:06] mh_performance_dashboard.INFO: non_cacheable_layout {"V":1,"Md":"cms","Ct":"index","Ac":"index","Rt":"cms"} []
[2021-06-04 22:53:06] mh_performance_dashboard.INFO: non_cacheable_layout {"V":1,"Md":"cms","Ct":"index","Ac":"index","Rt":"cms"} []
[2021-06-04 22:54:38] mh_performance_dashboard.INFO: non_cacheable_layout {"V":1,"Md":"cms","Ct":"index","Ac":"index","Rt":"cms"} []
[2021-06-04 22:54:38] mh_performance_dashboard.INFO: non_cacheable_layout {"V":1,"Md":"cms","Ct":"index","Ac":"index","Rt":"cms"} []
[2021-06-04 22:54:52] mh_performance_dashboard.INFO: non_cacheable_layout {"V":1,"Md":"cms","Ct":"noroute","Ac":"index","Rt":"cms"} []
[2021-06-04 22:54:52] mh_performance_dashboard.INFO: non_cacheable_layout {"V":1,"Md":"cms","Ct":"noroute","Ac":"index","Rt":"cms"} []
[2021-06-04 22:55:15] mh_performance_dashboard.INFO: non_cacheable_layout {"V":1,"Md":"catalog","Ct":"category","Ac":"view","Rt":"catalog"} []
[2021-06-04 22:55:15] mh_performance_dashboard.INFO: non_cacheable_layout {"V":1,"Md":"catalog","Ct":"category","Ac":"view","Rt":"catalog"} []
[2021-06-04 22:55:25] mh_performance_dashboard.INFO: non_cacheable_layout {"V":1,"Md":"cms","Ct":"page","Ac":"view","Rt":"cms"} []
[2021-06-04 22:55:25] mh_performance_dashboard.INFO: non_cacheable_layout {"V":1,"Md":"cms","Ct":"page","Ac":"view","Rt":"cms"} []
[2021-06-04 22:55:35] mh_performance_dashboard.INFO: non_cacheable_layout {"V":1,"Md":"cms","Ct":"index","Ac":"index","Rt":"cms"} []
[2021-06-04 22:55:35] mh_performance_dashboard.INFO: non_cacheable_layout {"V":1,"Md":"cms","Ct":"index","Ac":"index","Rt":"cms"} []
[2021-06-04 22:55:45] mh_performance_dashboard.INFO: non_cacheable_layout {"V":1,"Md":"cms","Ct":"noroute","Ac":"index","Rt":"cms"} []
[2021-06-04 22:55:45] mh_performance_dashboard.INFO: non_cacheable_layout {"V":1,"Md":"cms","Ct":"noroute","Ac":"index","Rt":"cms"} []
[2021-06-04 22:57:36] mh_performance_dashboard.INFO: non_cacheable_layout {"V":1,"Md":"cms","Ct":"index","Ac":"index","Rt":"cms"} []
[2021-06-04 22:57:36] mh_performance_dashboard.INFO: non_cacheable_layout {"V":1,"Md":"cms","Ct":"index","Ac":"index","Rt":"cms"} []
[2021-06-04 22:58:56] mh_performance_dashboard.INFO: non_cacheable_layout {"V":1,"Md":"cms","Ct":"index","Ac":"index","Rt":"cms"} []
[2021-06-04 22:58:56] mh_performance_dashboard.INFO: non_cacheable_layout {"V":1,"Md":"cms","Ct":"index","Ac":"index","Rt":"cms"} []
[2021-06-04 23:00:51] mh_performance_dashboard.INFO: non_cacheable_layout {"V":1,"Md":"cms","Ct":"index","Ac":"index","Rt":"cms"} []
[2021-06-04 23:00:51] mh_performance_dashboard.INFO: non_cacheable_layout {"V":1,"Md":"cms","Ct":"index","Ac":"index","Rt":"cms"} []
[2021-06-04 23:01:04] mh_performance_dashboard.INFO: non_cacheable_layout {"V":1,"Md":"catalog","Ct":"category","Ac":"view","Rt":"catalog"} []
[2021-06-04 23:01:04] mh_performance_dashboard.INFO: non_cacheable_layout {"V":1,"Md":"catalog","Ct":"category","Ac":"view","Rt":"catalog"} []
[2021-06-04 23:01:19] mh_performance_dashboard.INFO: non_cacheable_layout {"V":1,"Md":"catalog","Ct":"product","Ac":"view","Rt":"catalog"} []
[2021-06-04 23:01:19] mh_performance_dashboard.INFO: non_cacheable_layout {"V":1,"Md":"catalog","Ct":"product","Ac":"view","Rt":"catalog"} []
[2021-06-04 23:01:36] mh_performance_dashboard.INFO: non_cacheable_layout {"V":1,"Md":"cms","Ct":"noroute","Ac":"index","Rt":"cms"} []
[2021-06-04 23:01:36] mh_performance_dashboard.INFO: non_cacheable_layout {"V":1,"Md":"cms","Ct":"noroute","Ac":"index","Rt":"cms"} []
[2021-06-04 23:01:51] mh_performance_dashboard.INFO: non_cacheable_layout {"V":1,"Md":"cms","Ct":"index","Ac":"index","Rt":"cms"} []
[2021-06-04 23:01:51] mh_performance_dashboard.INFO: non_cacheable_layout {"V":1,"Md":"cms","Ct":"index","Ac":"index","Rt":"cms"} []
[2021-06-04 23:02:13] mh_performance_dashboard.INFO: non_cacheable_layout {"V":1,"Md":"cms","Ct":"index","Ac":"index","Rt":"cms"} []
[2021-06-04 23:02:13] mh_performance_dashboard.INFO: non_cacheable_layout {"V":1,"Md":"cms","Ct":"index","Ac":"index","Rt":"cms"} []
[2021-06-04 23:02:41] mh_performance_dashboard.INFO: non_cacheable_layout {"V":1,"Md":"cms","Ct":"index","Ac":"index","Rt":"cms"} []
[2021-06-04 23:02:41] mh_performance_dashboard.INFO: non_cacheable_layout {"V":1,"Md":"cms","Ct":"index","Ac":"index","Rt":"cms"} []
[2021-06-04 23:03:15] mh_performance_dashboard.INFO: non_cacheable_layout {"V":1,"Md":"cms","Ct":"noroute","Ac":"index","Rt":"cms"} []
[2021-06-04 23:03:15] mh_performance_dashboard.INFO: non_cacheable_layout {"V":1,"Md":"cms","Ct":"noroute","Ac":"index","Rt":"cms"} []
[2021-06-04 23:03:25] mh_performance_dashboard.INFO: non_cacheable_layout {"V":1,"Md":"cms","Ct":"index","Ac":"index","Rt":"cms"} []
[2021-06-04 23:03:25] mh_performance_dashboard.INFO: non_cacheable_layout {"V":1,"Md":"cms","Ct":"index","Ac":"index","Rt":"cms"} []
[2021-06-04 23:03:35] mh_performance_dashboard.INFO: non_cacheable_layout {"V":1,"Md":"cms","Ct":"page","Ac":"view","Rt":"cms"} []
[2021-06-04 23:03:35] mh_performance_dashboard.INFO: non_cacheable_layout {"V":1,"Md":"cms","Ct":"page","Ac":"view","Rt":"cms"} []
[2021-06-04 23:04:05] mh_performance_dashboard.INFO: non_cacheable_layout {"V":1,"Md":"cms","Ct":"index","Ac":"index","Rt":"cms"} []
[2021-06-04 23:04:05] mh_performance_dashboard.INFO: non_cacheable_layout {"V":1,"Md":"cms","Ct":"index","Ac":"index","Rt":"cms"} []
[2021-06-04 23:05:13] mh_performance_dashboard.INFO: non_cacheable_layout {"V":1,"Md":"cms","Ct":"page","Ac":"view","Rt":"cms"} []
[2021-06-04 23:05:13] mh_performance_dashboard.INFO: non_cacheable_layout {"V":1,"Md":"cms","Ct":"page","Ac":"view","Rt":"cms"} []
[2021-06-04 23:05:30] mh_performance_dashboard.INFO: non_cacheable_layout {"V":1,"Md":"cms","Ct":"page","Ac":"view","Rt":"cms"} []
[2021-06-04 23:05:30] mh_performance_dashboard.INFO: non_cacheable_layout {"V":1,"Md":"cms","Ct":"page","Ac":"view","Rt":"cms"} []
[2021-06-04 23:05:31] mh_performance_dashboard.INFO: non_cacheable_layout {"V":1,"Md":"cms","Ct":"page","Ac":"view","Rt":"cms"} []
[2021-06-04 23:05:31] mh_performance_dashboard.INFO: non_cacheable_layout {"V":1,"Md":"cms","Ct":"page","Ac":"view","Rt":"cms"} []
[2021-06-04 23:05:34] mh_performance_dashboard.INFO: non_cacheable_layout {"V":1,"Md":"cms","Ct":"page","Ac":"view","Rt":"cms"} []
[2021-06-04 23:05:34] mh_performance_dashboard.INFO: non_cacheable_layout {"V":1,"Md":"cms","Ct":"page","Ac":"view","Rt":"cms"} []
[2021-06-04 23:05:35] mh_performance_dashboard.INFO: non_cacheable_layout {"V":1,"Md":"cms","Ct":"page","Ac":"view","Rt":"cms"} []
[2021-06-04 23:05:35] mh_performance_dashboard.INFO: non_cacheable_layout {"V":1,"Md":"cms","Ct":"page","Ac":"view","Rt":"cms"} []
[2021-06-04 23:05:35] mh_performance_dashboard.INFO: non_cacheable_layout {"V":1,"Md":"cms","Ct":"page","Ac":"view","Rt":"cms"} []
[2021-06-04 23:05:35] mh_performance_dashboard.INFO: non_cacheable_layout {"V":1,"Md":"cms","Ct":"page","Ac":"view","Rt":"cms"} []
[2021-06-04 23:05:38] mh_performance_dashboard.INFO: non_cacheable_layout {"V":1,"Md":"cms","Ct":"index","Ac":"index","Rt":"cms"} []
[2021-06-04 23:05:38] mh_performance_dashboard.INFO: non_cacheable_layout {"V":1,"Md":"cms","Ct":"index","Ac":"index","Rt":"cms"} []
[2021-06-04 23:05:38] mh_performance_dashboard.INFO: non_cacheable_layout {"V":1,"Md":"cms","Ct":"index","Ac":"index","Rt":"cms"} []
[2021-06-04 23:05:38] mh_performance_dashboard.INFO: non_cacheable_layout {"V":1,"Md":"cms","Ct":"index","Ac":"index","Rt":"cms"} []
[2021-06-04 23:05:38] mh_performance_dashboard.INFO: non_cacheable_layout {"V":1,"Md":"cms","Ct":"index","Ac":"index","Rt":"cms"} []
[2021-06-04 23:05:38] mh_performance_dashboard.INFO: non_cacheable_layout {"V":1,"Md":"cms","Ct":"index","Ac":"index","Rt":"cms"} []
[2021-06-04 23:05:38] mh_performance_dashboard.INFO: non_cacheable_layout {"V":1,"Md":"cms","Ct":"index","Ac":"index","Rt":"cms"} []
[2021-06-04 23:05:38] mh_performance_dashboard.INFO: non_cacheable_layout {"V":1,"Md":"cms","Ct":"index","Ac":"index","Rt":"cms"} []
[2021-06-04 23:05:45] mh_performance_dashboard.INFO: non_cacheable_layout {"V":1,"Md":"cms","Ct":"index","Ac":"index","Rt":"cms"} []
[2021-06-04 23:05:45] mh_performance_dashboard.INFO: non_cacheable_layout {"V":1,"Md":"cms","Ct":"index","Ac":"index","Rt":"cms"} []
[2021-06-04 23:05:46] mh_performance_dashboard.INFO: non_cacheable_layout {"V":1,"Md":"cms","Ct":"page","Ac":"view","Rt":"cms"} []
[2021-06-04 23:05:46] mh_performance_dashboard.INFO: non_cacheable_layout {"V":1,"Md":"cms","Ct":"page","Ac":"view","Rt":"cms"} []
[2021-06-04 23:06:25] mh_performance_dashboard.INFO: non_cacheable_layout {"V":1,"Md":"cms","Ct":"index","Ac":"index","Rt":"cms"} []
[2021-06-04 23:06:25] mh_performance_dashboard.INFO: non_cacheable_layout {"V":1,"Md":"cms","Ct":"index","Ac":"index","Rt":"cms"} []
[2021-06-04 23:07:10] mh_performance_dashboard.INFO: non_cacheable_layout {"V":1,"Md":"cms","Ct":"index","Ac":"index","Rt":"cms"} []
[2021-06-04 23:07:10] mh_performance_dashboard.INFO: non_cacheable_layout {"V":1,"Md":"cms","Ct":"index","Ac":"index","Rt":"cms"} []
[2021-06-04 23:07:25] mh_performance_dashboard.INFO: non_cacheable_layout {"V":1,"Md":"cms","Ct":"index","Ac":"index","Rt":"cms"} []
[2021-06-04 23:07:25] mh_performance_dashboard.INFO: non_cacheable_layout {"V":1,"Md":"cms","Ct":"index","Ac":"index","Rt":"cms"} []
[2021-06-04 23:07:51] mh_performance_dashboard.INFO: non_cacheable_layout {"V":1,"Md":"cms","Ct":"index","Ac":"index","Rt":"cms"} []
[2021-06-04 23:07:51] mh_performance_dashboard.INFO: non_cacheable_layout {"V":1,"Md":"cms","Ct":"index","Ac":"index","Rt":"cms"} []
[2021-06-04 23:09:27] mh_performance_dashboard.INFO: non_cacheable_layout {"V":1,"Md":"cms","Ct":"index","Ac":"index","Rt":"cms"} []
[2021-06-04 23:09:27] mh_performance_dashboard.INFO: non_cacheable_layout {"V":1,"Md":"cms","Ct":"index","Ac":"index","Rt":"cms"} []
[2021-06-04 23:12:03] mh_performance_dashboard.INFO: non_cacheable_layout {"V":1,"Md":"cms","Ct":"noroute","Ac":"index","Rt":"cms"} []
[2021-06-04 23:12:03] mh_performance_dashboard.INFO: non_cacheable_layout {"V":1,"Md":"cms","Ct":"noroute","Ac":"index","Rt":"cms"} []
[2021-06-04 23:12:07] mh_performance_dashboard.INFO: non_cacheable_layout {"V":1,"Md":"cms","Ct":"index","Ac":"index","Rt":"cms"} []
[2021-06-04 23:12:07] mh_performance_dashboard.INFO: non_cacheable_layout {"V":1,"Md":"cms","Ct":"index","Ac":"index","Rt":"cms"} []
[2021-06-04 23:12:23] mh_performance_dashboard.INFO: non_cacheable_layout {"V":1,"Md":"cms","Ct":"index","Ac":"index","Rt":"cms"} []
[2021-06-04 23:12:23] mh_performance_dashboard.INFO: non_cacheable_layout {"V":1,"Md":"cms","Ct":"index","Ac":"index","Rt":"cms"} []
[2021-06-04 23:12:33] mh_performance_dashboard.INFO: non_cacheable_layout {"V":1,"Md":"catalog","Ct":"category","Ac":"view","Rt":"catalog"} []
[2021-06-04 23:12:33] mh_performance_dashboard.INFO: non_cacheable_layout {"V":1,"Md":"catalog","Ct":"category","Ac":"view","Rt":"catalog"} []
[2021-06-04 23:14:39] mh_performance_dashboard.INFO: non_cacheable_layout {"V":1,"Md":"cms","Ct":"index","Ac":"index","Rt":"cms"} []
[2021-06-04 23:14:39] mh_performance_dashboard.INFO: non_cacheable_layout {"V":1,"Md":"cms","Ct":"index","Ac":"index","Rt":"cms"} []
[2021-06-04 23:17:30] mh_performance_dashboard.INFO: non_cacheable_layout {"V":1,"Md":"cms","Ct":"index","Ac":"index","Rt":"cms"} []
[2021-06-04 23:17:30] mh_performance_dashboard.INFO: non_cacheable_layout {"V":1,"Md":"cms","Ct":"index","Ac":"index","Rt":"cms"} []
[2021-06-04 23:18:19] mh_performance_dashboard.INFO: non_cacheable_layout {"V":1,"Md":"cms","Ct":"index","Ac":"index","Rt":"cms"} []
[2021-06-04 23:18:19] mh_performance_dashboard.INFO: non_cacheable_layout {"V":1,"Md":"cms","Ct":"index","Ac":"index","Rt":"cms"} []
[2021-06-04 23:18:37] mh_performance_dashboard.INFO: non_cacheable_layout {"V":1,"Md":"cms","Ct":"page","Ac":"view","Rt":"cms"} []
[2021-06-04 23:18:37] mh_performance_dashboard.INFO: non_cacheable_layout {"V":1,"Md":"cms","Ct":"page","Ac":"view","Rt":"cms"} []
[2021-06-04 23:18:49] mh_performance_dashboard.INFO: non_cacheable_layout {"V":1,"Md":"cms","Ct":"page","Ac":"view","Rt":"cms"} []
[2021-06-04 23:18:49] mh_performance_dashboard.INFO: non_cacheable_layout {"V":1,"Md":"cms","Ct":"page","Ac":"view","Rt":"cms"} []
[2021-06-04 23:18:52] mh_performance_dashboard.INFO: non_cacheable_layout {"V":1,"Md":"cms","Ct":"index","Ac":"index","Rt":"cms"} []
[2021-06-04 23:18:52] mh_performance_dashboard.INFO: non_cacheable_layout {"V":1,"Md":"cms","Ct":"index","Ac":"index","Rt":"cms"} []
[2021-06-04 23:20:04] mh_performance_dashboard.INFO: non_cacheable_layout {"V":1,"Md":"cms","Ct":"index","Ac":"index","Rt":"cms"} []
[2021-06-04 23:20:04] mh_performance_dashboard.INFO: non_cacheable_layout {"V":1,"Md":"cms","Ct":"index","Ac":"index","Rt":"cms"} []
[2021-06-04 23:21:11] mh_performance_dashboard.INFO: non_cacheable_layout {"V":1,"Md":"cms","Ct":"index","Ac":"index","Rt":"cms"} []
[2021-06-04 23:21:11] mh_performance_dashboard.INFO: non_cacheable_layout {"V":1,"Md":"cms","Ct":"index","Ac":"index","Rt":"cms"} []
[2021-06-04 23:21:53] mh_performance_dashboard.INFO: non_cacheable_layout {"V":1,"Md":"cms","Ct":"index","Ac":"index","Rt":"cms"} []
[2021-06-04 23:21:53] mh_performance_dashboard.INFO: non_cacheable_layout {"V":1,"Md":"cms","Ct":"index","Ac":"index","Rt":"cms"} []
[2021-06-04 23:22:49] mh_performance_dashboard.INFO: non_cacheable_layout {"V":1,"Md":"cms","Ct":"index","Ac":"index","Rt":"cms"} []
[2021-06-04 23:22:49] mh_performance_dashboard.INFO: non_cacheable_layout {"V":1,"Md":"cms","Ct":"index","Ac":"index","Rt":"cms"} []
[2021-06-04 23:25:43] mh_performance_dashboard.INFO: non_cacheable_layout {"V":1,"Md":"cms","Ct":"index","Ac":"index","Rt":"cms"} []
[2021-06-04 23:25:43] mh_performance_dashboard.INFO: non_cacheable_layout {"V":1,"Md":"cms","Ct":"index","Ac":"index","Rt":"cms"} []
[2021-06-04 23:27:35] mh_performance_dashboard.INFO: non_cacheable_layout {"V":1,"Md":"cms","Ct":"index","Ac":"index","Rt":"cms"} []
[2021-06-04 23:27:35] mh_performance_dashboard.INFO: non_cacheable_layout {"V":1,"Md":"cms","Ct":"index","Ac":"index","Rt":"cms"} []
[2021-06-04 23:27:39] mh_performance_dashboard.INFO: non_cacheable_layout {"V":1,"Md":"cms","Ct":"index","Ac":"index","Rt":"cms"} []
[2021-06-04 23:27:39] mh_performance_dashboard.INFO: non_cacheable_layout {"V":1,"Md":"cms","Ct":"index","Ac":"index","Rt":"cms"} []
[2021-06-04 23:29:47] mh_performance_dashboard.INFO: non_cacheable_layout {"V":1,"Md":"cms","Ct":"index","Ac":"index","Rt":"cms"} []
[2021-06-04 23:29:47] mh_performance_dashboard.INFO: non_cacheable_layout {"V":1,"Md":"cms","Ct":"index","Ac":"index","Rt":"cms"} []
[2021-06-04 23:30:01] mh_performance_dashboard.INFO: non_cacheable_layout {"V":1,"Md":"catalog","Ct":"category","Ac":"view","Rt":"catalog"} []
[2021-06-04 23:30:01] mh_performance_dashboard.INFO: non_cacheable_layout {"V":1,"Md":"catalog","Ct":"category","Ac":"view","Rt":"catalog"} []
[2021-06-04 23:30:20] mh_performance_dashboard.INFO: non_cacheable_layout {"V":1,"Md":"cms","Ct":"index","Ac":"index","Rt":"cms"} []
[2021-06-04 23:30:20] mh_performance_dashboard.INFO: non_cacheable_layout {"V":1,"Md":"cms","Ct":"index","Ac":"index","Rt":"cms"} []
[2021-06-04 23:31:50] mh_performance_dashboard.INFO: non_cacheable_layout {"V":1,"Md":"cms","Ct":"index","Ac":"index","Rt":"cms"} []
[2021-06-04 23:31:50] mh_performance_dashboard.INFO: non_cacheable_layout {"V":1,"Md":"cms","Ct":"index","Ac":"index","Rt":"cms"} []
[2021-06-04 23:32:08] mh_performance_dashboard.INFO: non_cacheable_layout {"V":1,"Md":"cms","Ct":"page","Ac":"view","Rt":"cms"} []
[2021-06-04 23:32:08] mh_performance_dashboard.INFO: non_cacheable_layout {"V":1,"Md":"cms","Ct":"page","Ac":"view","Rt":"cms"} []
[2021-06-04 23:32:18] mh_performance_dashboard.INFO: non_cacheable_layout {"V":1,"Md":"cms","Ct":"index","Ac":"index","Rt":"cms"} []
[2021-06-04 23:32:18] mh_performance_dashboard.INFO: non_cacheable_layout {"V":1,"Md":"cms","Ct":"index","Ac":"index","Rt":"cms"} []
[2021-06-04 23:34:05] mh_performance_dashboard.INFO: non_cacheable_layout {"V":1,"Md":"catalog","Ct":"category","Ac":"view","Rt":"catalog"} []
[2021-06-04 23:34:05] mh_performance_dashboard.INFO: non_cacheable_layout {"V":1,"Md":"catalog","Ct":"category","Ac":"view","Rt":"catalog"} []
[2021-06-04 23:34:15] mh_performance_dashboard.INFO: non_cacheable_layout {"V":1,"Md":"cms","Ct":"index","Ac":"index","Rt":"cms"} []
[2021-06-04 23:34:15] mh_performance_dashboard.INFO: non_cacheable_layout {"V":1,"Md":"cms","Ct":"index","Ac":"index","Rt":"cms"} []
[2021-06-04 23:35:01] mh_performance_dashboard.INFO: non_cacheable_layout {"V":1,"Md":"cms","Ct":"index","Ac":"index","Rt":"cms"} []
[2021-06-04 23:35:01] mh_performance_dashboard.INFO: non_cacheable_layout {"V":1,"Md":"cms","Ct":"index","Ac":"index","Rt":"cms"} []
[2021-06-04 23:35:19] mh_performance_dashboard.INFO: non_cacheable_layout {"V":1,"Md":"cms","Ct":"index","Ac":"index","Rt":"cms"} []
[2021-06-04 23:35:19] mh_performance_dashboard.INFO: non_cacheable_layout {"V":1,"Md":"cms","Ct":"index","Ac":"index","Rt":"cms"} []
