[2021-05-27 00:47:23] mh_performance_dashboard.INFO: non_cacheable_layout {"V":1,"Md":"cms","Ct":"noroute","Ac":"index","Rt":"cms"} []
[2021-05-27 00:47:23] mh_performance_dashboard.INFO: non_cacheable_layout {"V":1,"Md":"cms","Ct":"noroute","Ac":"index","Rt":"cms"} []
[2021-05-27 00:49:12] mh_performance_dashboard.INFO: non_cacheable_layout {"V":1,"Md":"cms","Ct":"index","Ac":"index","Rt":"cms"} []
[2021-05-27 00:49:12] mh_performance_dashboard.INFO: non_cacheable_layout {"V":1,"Md":"cms","Ct":"index","Ac":"index","Rt":"cms"} []
[2021-05-27 00:49:13] mh_performance_dashboard.INFO: non_cacheable_layout {"V":1,"Md":"cms","Ct":"noroute","Ac":"index","Rt":"cms"} []
[2021-05-27 00:49:13] mh_performance_dashboard.INFO: non_cacheable_layout {"V":1,"Md":"cms","Ct":"noroute","Ac":"index","Rt":"cms"} []
[2021-05-27 00:49:39] mh_performance_dashboard.INFO: non_cacheable_layout {"V":1,"Md":"catalog","Ct":"category","Ac":"view","Rt":"catalog"} []
[2021-05-27 00:49:39] mh_performance_dashboard.INFO: non_cacheable_layout {"V":1,"Md":"catalog","Ct":"category","Ac":"view","Rt":"catalog"} []
[2021-05-27 00:49:45] mh_performance_dashboard.INFO: non_cacheable_layout {"V":1,"Md":"cms","Ct":"noroute","Ac":"index","Rt":"cms"} []
[2021-05-27 00:49:45] mh_performance_dashboard.INFO: non_cacheable_layout {"V":1,"Md":"cms","Ct":"noroute","Ac":"index","Rt":"cms"} []
[2021-05-27 00:49:50] mh_performance_dashboard.INFO: non_cacheable_layout {"V":1,"Md":"cms","Ct":"index","Ac":"index","Rt":"cms"} []
[2021-05-27 00:49:50] mh_performance_dashboard.INFO: non_cacheable_layout {"V":1,"Md":"cms","Ct":"index","Ac":"index","Rt":"cms"} []
[2021-05-27 00:49:50] mh_performance_dashboard.INFO: non_cacheable_layout {"V":1,"Md":"cms","Ct":"noroute","Ac":"index","Rt":"cms"} []
[2021-05-27 00:49:50] mh_performance_dashboard.INFO: non_cacheable_layout {"V":1,"Md":"cms","Ct":"noroute","Ac":"index","Rt":"cms"} []
[2021-05-27 00:49:58] mh_performance_dashboard.INFO: non_cacheable_layout {"V":1,"Md":"cms","Ct":"index","Ac":"index","Rt":"cms"} []
[2021-05-27 00:49:58] mh_performance_dashboard.INFO: non_cacheable_layout {"V":1,"Md":"cms","Ct":"index","Ac":"index","Rt":"cms"} []
[2021-05-27 00:49:58] mh_performance_dashboard.INFO: non_cacheable_layout {"V":1,"Md":"cms","Ct":"noroute","Ac":"index","Rt":"cms"} []
[2021-05-27 00:49:58] mh_performance_dashboard.INFO: non_cacheable_layout {"V":1,"Md":"cms","Ct":"noroute","Ac":"index","Rt":"cms"} []
[2021-05-27 00:50:05] mh_performance_dashboard.INFO: non_cacheable_layout {"V":1,"Md":"cms","Ct":"page","Ac":"view","Rt":"cms"} []
[2021-05-27 00:50:05] mh_performance_dashboard.INFO: non_cacheable_layout {"V":1,"Md":"cms","Ct":"page","Ac":"view","Rt":"cms"} []
[2021-05-27 00:50:06] mh_performance_dashboard.INFO: non_cacheable_layout {"V":1,"Md":"cms","Ct":"noroute","Ac":"index","Rt":"cms"} []
[2021-05-27 00:50:06] mh_performance_dashboard.INFO: non_cacheable_layout {"V":1,"Md":"cms","Ct":"noroute","Ac":"index","Rt":"cms"} []
[2021-05-27 00:50:10] mh_performance_dashboard.INFO: non_cacheable_layout {"V":1,"Md":"cms","Ct":"index","Ac":"index","Rt":"cms"} []
[2021-05-27 00:50:10] mh_performance_dashboard.INFO: non_cacheable_layout {"V":1,"Md":"cms","Ct":"index","Ac":"index","Rt":"cms"} []
[2021-05-27 00:50:10] mh_performance_dashboard.INFO: non_cacheable_layout {"V":1,"Md":"cms","Ct":"noroute","Ac":"index","Rt":"cms"} []
[2021-05-27 00:50:10] mh_performance_dashboard.INFO: non_cacheable_layout {"V":1,"Md":"cms","Ct":"noroute","Ac":"index","Rt":"cms"} []
[2021-05-27 00:50:24] mh_performance_dashboard.INFO: non_cacheable_layout {"V":1,"Md":"cms","Ct":"noroute","Ac":"index","Rt":"cms"} []
[2021-05-27 00:50:24] mh_performance_dashboard.INFO: non_cacheable_layout {"V":1,"Md":"cms","Ct":"noroute","Ac":"index","Rt":"cms"} []
[2021-05-27 00:50:28] mh_performance_dashboard.INFO: non_cacheable_layout {"V":1,"Md":"cms","Ct":"index","Ac":"index","Rt":"cms"} []
[2021-05-27 00:50:28] mh_performance_dashboard.INFO: non_cacheable_layout {"V":1,"Md":"cms","Ct":"index","Ac":"index","Rt":"cms"} []
[2021-05-27 00:50:28] mh_performance_dashboard.INFO: non_cacheable_layout {"V":1,"Md":"cms","Ct":"noroute","Ac":"index","Rt":"cms"} []
[2021-05-27 00:50:28] mh_performance_dashboard.INFO: non_cacheable_layout {"V":1,"Md":"cms","Ct":"noroute","Ac":"index","Rt":"cms"} []
[2021-05-27 00:50:44] mh_performance_dashboard.INFO: non_cacheable_layout {"V":1,"Md":"cms","Ct":"page","Ac":"view","Rt":"cms"} []
[2021-05-27 00:50:44] mh_performance_dashboard.INFO: non_cacheable_layout {"V":1,"Md":"cms","Ct":"page","Ac":"view","Rt":"cms"} []
[2021-05-27 00:50:45] mh_performance_dashboard.INFO: non_cacheable_layout {"V":1,"Md":"cms","Ct":"noroute","Ac":"index","Rt":"cms"} []
[2021-05-27 00:50:45] mh_performance_dashboard.INFO: non_cacheable_layout {"V":1,"Md":"cms","Ct":"noroute","Ac":"index","Rt":"cms"} []
[2021-05-27 00:50:48] mh_performance_dashboard.INFO: non_cacheable_layout {"V":1,"Md":"cms","Ct":"index","Ac":"index","Rt":"cms"} []
[2021-05-27 00:50:48] mh_performance_dashboard.INFO: non_cacheable_layout {"V":1,"Md":"cms","Ct":"index","Ac":"index","Rt":"cms"} []
[2021-05-27 00:50:48] mh_performance_dashboard.INFO: non_cacheable_layout {"V":1,"Md":"cms","Ct":"noroute","Ac":"index","Rt":"cms"} []
[2021-05-27 00:50:48] mh_performance_dashboard.INFO: non_cacheable_layout {"V":1,"Md":"cms","Ct":"noroute","Ac":"index","Rt":"cms"} []
[2021-05-27 01:19:47] mh_performance_dashboard.INFO: non_cacheable_layout {"V":1,"Md":"cms","Ct":"page","Ac":"view","Rt":"cms"} []
[2021-05-27 01:19:47] mh_performance_dashboard.INFO: non_cacheable_layout {"V":1,"Md":"cms","Ct":"page","Ac":"view","Rt":"cms"} []
[2021-05-27 01:19:47] mh_performance_dashboard.INFO: non_cacheable_layout {"V":1,"Md":"cms","Ct":"noroute","Ac":"index","Rt":"cms"} []
[2021-05-27 01:19:47] mh_performance_dashboard.INFO: non_cacheable_layout {"V":1,"Md":"cms","Ct":"noroute","Ac":"index","Rt":"cms"} []
[2021-05-27 01:19:50] mh_performance_dashboard.INFO: non_cacheable_layout {"V":1,"Md":"cms","Ct":"index","Ac":"index","Rt":"cms"} []
[2021-05-27 01:19:50] mh_performance_dashboard.INFO: non_cacheable_layout {"V":1,"Md":"cms","Ct":"index","Ac":"index","Rt":"cms"} []
[2021-05-27 01:19:50] mh_performance_dashboard.INFO: non_cacheable_layout {"V":1,"Md":"cms","Ct":"noroute","Ac":"index","Rt":"cms"} []
[2021-05-27 01:19:50] mh_performance_dashboard.INFO: non_cacheable_layout {"V":1,"Md":"cms","Ct":"noroute","Ac":"index","Rt":"cms"} []
[2021-05-27 01:20:15] mh_performance_dashboard.INFO: non_cacheable_layout {"V":1,"Md":"cms","Ct":"index","Ac":"index","Rt":"cms"} []
[2021-05-27 01:20:15] mh_performance_dashboard.INFO: non_cacheable_layout {"V":1,"Md":"cms","Ct":"index","Ac":"index","Rt":"cms"} []
[2021-05-27 01:20:15] mh_performance_dashboard.INFO: non_cacheable_layout {"V":1,"Md":"cms","Ct":"noroute","Ac":"index","Rt":"cms"} []
[2021-05-27 01:20:15] mh_performance_dashboard.INFO: non_cacheable_layout {"V":1,"Md":"cms","Ct":"noroute","Ac":"index","Rt":"cms"} []
[2021-05-27 01:55:36] mh_performance_dashboard.INFO: non_cacheable_layout {"V":1,"Md":"cms","Ct":"index","Ac":"index","Rt":"cms"} []
[2021-05-27 01:55:36] mh_performance_dashboard.INFO: non_cacheable_layout {"V":1,"Md":"cms","Ct":"index","Ac":"index","Rt":"cms"} []
[2021-05-27 01:55:37] mh_performance_dashboard.INFO: non_cacheable_layout {"V":1,"Md":"cms","Ct":"noroute","Ac":"index","Rt":"cms"} []
[2021-05-27 01:55:37] mh_performance_dashboard.INFO: non_cacheable_layout {"V":1,"Md":"cms","Ct":"noroute","Ac":"index","Rt":"cms"} []
[2021-05-27 02:01:12] mh_performance_dashboard.INFO: non_cacheable_layout {"V":1,"Md":"cms","Ct":"index","Ac":"index","Rt":"cms"} []
[2021-05-27 02:01:12] mh_performance_dashboard.INFO: non_cacheable_layout {"V":1,"Md":"cms","Ct":"index","Ac":"index","Rt":"cms"} []
[2021-05-27 02:01:13] mh_performance_dashboard.INFO: non_cacheable_layout {"V":1,"Md":"cms","Ct":"noroute","Ac":"index","Rt":"cms"} []
[2021-05-27 02:01:13] mh_performance_dashboard.INFO: non_cacheable_layout {"V":1,"Md":"cms","Ct":"noroute","Ac":"index","Rt":"cms"} []
[2021-05-27 22:13:56] mh_performance_dashboard.INFO: non_cacheable_layout {"V":1,"Md":"cms","Ct":"index","Ac":"index","Rt":"cms"} []
[2021-05-27 22:13:56] mh_performance_dashboard.INFO: non_cacheable_layout {"V":1,"Md":"cms","Ct":"index","Ac":"index","Rt":"cms"} []
[2021-05-27 22:13:57] mh_performance_dashboard.INFO: non_cacheable_layout {"V":1,"Md":"cms","Ct":"noroute","Ac":"index","Rt":"cms"} []
[2021-05-27 22:13:57] mh_performance_dashboard.INFO: non_cacheable_layout {"V":1,"Md":"cms","Ct":"noroute","Ac":"index","Rt":"cms"} []
[2021-05-27 22:14:06] mh_performance_dashboard.INFO: non_cacheable_layout {"V":1,"Md":"catalog","Ct":"category","Ac":"view","Rt":"catalog"} []
[2021-05-27 22:14:06] mh_performance_dashboard.INFO: non_cacheable_layout {"V":1,"Md":"catalog","Ct":"category","Ac":"view","Rt":"catalog"} []
[2021-05-27 22:14:12] mh_performance_dashboard.INFO: non_cacheable_layout {"V":1,"Md":"cms","Ct":"noroute","Ac":"index","Rt":"cms"} []
[2021-05-27 22:14:12] mh_performance_dashboard.INFO: non_cacheable_layout {"V":1,"Md":"cms","Ct":"noroute","Ac":"index","Rt":"cms"} []
[2021-05-27 22:14:16] mh_performance_dashboard.INFO: non_cacheable_layout {"V":1,"Md":"cms","Ct":"index","Ac":"index","Rt":"cms"} []
[2021-05-27 22:14:16] mh_performance_dashboard.INFO: non_cacheable_layout {"V":1,"Md":"cms","Ct":"index","Ac":"index","Rt":"cms"} []
[2021-05-27 22:14:16] mh_performance_dashboard.INFO: non_cacheable_layout {"V":1,"Md":"cms","Ct":"noroute","Ac":"index","Rt":"cms"} []
[2021-05-27 22:14:16] mh_performance_dashboard.INFO: non_cacheable_layout {"V":1,"Md":"cms","Ct":"noroute","Ac":"index","Rt":"cms"} []
[2021-05-27 22:14:20] mh_performance_dashboard.INFO: non_cacheable_layout {"V":1,"Md":"catalog","Ct":"category","Ac":"view","Rt":"catalog"} []
[2021-05-27 22:14:20] mh_performance_dashboard.INFO: non_cacheable_layout {"V":1,"Md":"catalog","Ct":"category","Ac":"view","Rt":"catalog"} []
[2021-05-27 22:14:26] mh_performance_dashboard.INFO: non_cacheable_layout {"V":1,"Md":"cms","Ct":"noroute","Ac":"index","Rt":"cms"} []
[2021-05-27 22:14:26] mh_performance_dashboard.INFO: non_cacheable_layout {"V":1,"Md":"cms","Ct":"noroute","Ac":"index","Rt":"cms"} []
[2021-05-27 22:14:29] mh_performance_dashboard.INFO: non_cacheable_layout {"V":1,"Md":"cms","Ct":"index","Ac":"index","Rt":"cms"} []
[2021-05-27 22:14:29] mh_performance_dashboard.INFO: non_cacheable_layout {"V":1,"Md":"cms","Ct":"index","Ac":"index","Rt":"cms"} []
[2021-05-27 22:14:29] mh_performance_dashboard.INFO: non_cacheable_layout {"V":1,"Md":"cms","Ct":"noroute","Ac":"index","Rt":"cms"} []
[2021-05-27 22:14:29] mh_performance_dashboard.INFO: non_cacheable_layout {"V":1,"Md":"cms","Ct":"noroute","Ac":"index","Rt":"cms"} []
[2021-05-27 22:17:09] mh_performance_dashboard.INFO: non_cacheable_layout {"V":1,"Md":"cms","Ct":"noroute","Ac":"index","Rt":"cms"} []
[2021-05-27 22:17:09] mh_performance_dashboard.INFO: non_cacheable_layout {"V":1,"Md":"cms","Ct":"noroute","Ac":"index","Rt":"cms"} []
[2021-05-27 22:17:23] mh_performance_dashboard.INFO: non_cacheable_layout {"V":1,"Md":"cms","Ct":"index","Ac":"index","Rt":"cms"} []
[2021-05-27 22:17:23] mh_performance_dashboard.INFO: non_cacheable_layout {"V":1,"Md":"cms","Ct":"index","Ac":"index","Rt":"cms"} []
[2021-05-27 22:17:24] mh_performance_dashboard.INFO: non_cacheable_layout {"V":1,"Md":"cms","Ct":"noroute","Ac":"index","Rt":"cms"} []
[2021-05-27 22:17:24] mh_performance_dashboard.INFO: non_cacheable_layout {"V":1,"Md":"cms","Ct":"noroute","Ac":"index","Rt":"cms"} []
[2021-05-27 22:17:26] mh_performance_dashboard.INFO: non_cacheable_layout {"V":1,"Md":"catalog","Ct":"category","Ac":"view","Rt":"catalog"} []
[2021-05-27 22:17:26] mh_performance_dashboard.INFO: non_cacheable_layout {"V":1,"Md":"catalog","Ct":"category","Ac":"view","Rt":"catalog"} []
[2021-05-27 22:17:32] mh_performance_dashboard.INFO: non_cacheable_layout {"V":1,"Md":"cms","Ct":"noroute","Ac":"index","Rt":"cms"} []
[2021-05-27 22:17:32] mh_performance_dashboard.INFO: non_cacheable_layout {"V":1,"Md":"cms","Ct":"noroute","Ac":"index","Rt":"cms"} []
[2021-05-27 22:17:34] mh_performance_dashboard.INFO: non_cacheable_layout {"V":1,"Md":"cms","Ct":"index","Ac":"index","Rt":"cms"} []
[2021-05-27 22:17:34] mh_performance_dashboard.INFO: non_cacheable_layout {"V":1,"Md":"cms","Ct":"index","Ac":"index","Rt":"cms"} []
[2021-05-27 22:17:35] mh_performance_dashboard.INFO: non_cacheable_layout {"V":1,"Md":"cms","Ct":"noroute","Ac":"index","Rt":"cms"} []
[2021-05-27 22:17:35] mh_performance_dashboard.INFO: non_cacheable_layout {"V":1,"Md":"cms","Ct":"noroute","Ac":"index","Rt":"cms"} []
[2021-05-27 22:17:47] mh_performance_dashboard.INFO: non_cacheable_layout {"V":1,"Md":"cms","Ct":"page","Ac":"view","Rt":"cms"} []
[2021-05-27 22:17:47] mh_performance_dashboard.INFO: non_cacheable_layout {"V":1,"Md":"cms","Ct":"page","Ac":"view","Rt":"cms"} []
[2021-05-27 22:17:48] mh_performance_dashboard.INFO: non_cacheable_layout {"V":1,"Md":"cms","Ct":"noroute","Ac":"index","Rt":"cms"} []
[2021-05-27 22:17:48] mh_performance_dashboard.INFO: non_cacheable_layout {"V":1,"Md":"cms","Ct":"noroute","Ac":"index","Rt":"cms"} []
[2021-05-27 22:17:50] mh_performance_dashboard.INFO: non_cacheable_layout {"V":1,"Md":"cms","Ct":"index","Ac":"index","Rt":"cms"} []
[2021-05-27 22:17:50] mh_performance_dashboard.INFO: non_cacheable_layout {"V":1,"Md":"cms","Ct":"index","Ac":"index","Rt":"cms"} []
[2021-05-27 22:17:51] mh_performance_dashboard.INFO: non_cacheable_layout {"V":1,"Md":"cms","Ct":"noroute","Ac":"index","Rt":"cms"} []
[2021-05-27 22:17:51] mh_performance_dashboard.INFO: non_cacheable_layout {"V":1,"Md":"cms","Ct":"noroute","Ac":"index","Rt":"cms"} []
[2021-05-27 22:18:07] mh_performance_dashboard.INFO: non_cacheable_layout {"V":1,"Md":"cms","Ct":"index","Ac":"index","Rt":"cms"} []
[2021-05-27 22:18:07] mh_performance_dashboard.INFO: non_cacheable_layout {"V":1,"Md":"cms","Ct":"index","Ac":"index","Rt":"cms"} []
[2021-05-27 22:18:08] mh_performance_dashboard.INFO: non_cacheable_layout {"V":1,"Md":"cms","Ct":"noroute","Ac":"index","Rt":"cms"} []
[2021-05-27 22:18:08] mh_performance_dashboard.INFO: non_cacheable_layout {"V":1,"Md":"cms","Ct":"noroute","Ac":"index","Rt":"cms"} []
[2021-05-27 22:18:10] mh_performance_dashboard.INFO: non_cacheable_layout {"V":1,"Md":"cms","Ct":"page","Ac":"view","Rt":"cms"} []
[2021-05-27 22:18:10] mh_performance_dashboard.INFO: non_cacheable_layout {"V":1,"Md":"cms","Ct":"page","Ac":"view","Rt":"cms"} []
[2021-05-27 22:18:11] mh_performance_dashboard.INFO: non_cacheable_layout {"V":1,"Md":"cms","Ct":"noroute","Ac":"index","Rt":"cms"} []
[2021-05-27 22:18:11] mh_performance_dashboard.INFO: non_cacheable_layout {"V":1,"Md":"cms","Ct":"noroute","Ac":"index","Rt":"cms"} []
[2021-05-27 22:18:53] mh_performance_dashboard.INFO: non_cacheable_layout {"V":1,"Md":"cms","Ct":"page","Ac":"view","Rt":"cms"} []
[2021-05-27 22:18:53] mh_performance_dashboard.INFO: non_cacheable_layout {"V":1,"Md":"cms","Ct":"page","Ac":"view","Rt":"cms"} []
[2021-05-27 22:18:54] mh_performance_dashboard.INFO: non_cacheable_layout {"V":1,"Md":"cms","Ct":"noroute","Ac":"index","Rt":"cms"} []
[2021-05-27 22:18:54] mh_performance_dashboard.INFO: non_cacheable_layout {"V":1,"Md":"cms","Ct":"noroute","Ac":"index","Rt":"cms"} []
[2021-05-27 22:19:11] mh_performance_dashboard.INFO: non_cacheable_layout {"V":1,"Md":"cms","Ct":"page","Ac":"view","Rt":"cms"} []
[2021-05-27 22:19:11] mh_performance_dashboard.INFO: non_cacheable_layout {"V":1,"Md":"cms","Ct":"page","Ac":"view","Rt":"cms"} []
[2021-05-27 22:19:12] mh_performance_dashboard.INFO: non_cacheable_layout {"V":1,"Md":"cms","Ct":"noroute","Ac":"index","Rt":"cms"} []
[2021-05-27 22:19:12] mh_performance_dashboard.INFO: non_cacheable_layout {"V":1,"Md":"cms","Ct":"noroute","Ac":"index","Rt":"cms"} []
[2021-05-27 22:19:17] mh_performance_dashboard.INFO: non_cacheable_layout {"V":1,"Md":"cms","Ct":"index","Ac":"index","Rt":"cms"} []
[2021-05-27 22:19:17] mh_performance_dashboard.INFO: non_cacheable_layout {"V":1,"Md":"cms","Ct":"index","Ac":"index","Rt":"cms"} []
[2021-05-27 22:19:18] mh_performance_dashboard.INFO: non_cacheable_layout {"V":1,"Md":"cms","Ct":"noroute","Ac":"index","Rt":"cms"} []
[2021-05-27 22:19:18] mh_performance_dashboard.INFO: non_cacheable_layout {"V":1,"Md":"cms","Ct":"noroute","Ac":"index","Rt":"cms"} []
[2021-05-27 22:19:22] mh_performance_dashboard.INFO: non_cacheable_layout {"V":1,"Md":"cms","Ct":"page","Ac":"view","Rt":"cms"} []
[2021-05-27 22:19:22] mh_performance_dashboard.INFO: non_cacheable_layout {"V":1,"Md":"cms","Ct":"page","Ac":"view","Rt":"cms"} []
[2021-05-27 22:19:23] mh_performance_dashboard.INFO: non_cacheable_layout {"V":1,"Md":"cms","Ct":"noroute","Ac":"index","Rt":"cms"} []
[2021-05-27 22:19:23] mh_performance_dashboard.INFO: non_cacheable_layout {"V":1,"Md":"cms","Ct":"noroute","Ac":"index","Rt":"cms"} []
[2021-05-27 22:19:25] mh_performance_dashboard.INFO: non_cacheable_layout {"V":1,"Md":"cms","Ct":"page","Ac":"view","Rt":"cms"} []
[2021-05-27 22:19:25] mh_performance_dashboard.INFO: non_cacheable_layout {"V":1,"Md":"cms","Ct":"page","Ac":"view","Rt":"cms"} []
[2021-05-27 22:19:25] mh_performance_dashboard.INFO: non_cacheable_layout {"V":1,"Md":"cms","Ct":"noroute","Ac":"index","Rt":"cms"} []
[2021-05-27 22:19:25] mh_performance_dashboard.INFO: non_cacheable_layout {"V":1,"Md":"cms","Ct":"noroute","Ac":"index","Rt":"cms"} []
[2021-05-27 22:19:27] mh_performance_dashboard.INFO: non_cacheable_layout {"V":1,"Md":"cms","Ct":"page","Ac":"view","Rt":"cms"} []
[2021-05-27 22:19:27] mh_performance_dashboard.INFO: non_cacheable_layout {"V":1,"Md":"cms","Ct":"page","Ac":"view","Rt":"cms"} []
[2021-05-27 22:19:28] mh_performance_dashboard.INFO: non_cacheable_layout {"V":1,"Md":"cms","Ct":"noroute","Ac":"index","Rt":"cms"} []
[2021-05-27 22:19:28] mh_performance_dashboard.INFO: non_cacheable_layout {"V":1,"Md":"cms","Ct":"noroute","Ac":"index","Rt":"cms"} []
[2021-05-27 22:19:30] mh_performance_dashboard.INFO: non_cacheable_layout {"V":1,"Md":"cms","Ct":"index","Ac":"index","Rt":"cms"} []
[2021-05-27 22:19:30] mh_performance_dashboard.INFO: non_cacheable_layout {"V":1,"Md":"cms","Ct":"index","Ac":"index","Rt":"cms"} []
[2021-05-27 22:19:31] mh_performance_dashboard.INFO: non_cacheable_layout {"V":1,"Md":"cms","Ct":"noroute","Ac":"index","Rt":"cms"} []
[2021-05-27 22:19:31] mh_performance_dashboard.INFO: non_cacheable_layout {"V":1,"Md":"cms","Ct":"noroute","Ac":"index","Rt":"cms"} []
[2021-05-27 22:23:26] mh_performance_dashboard.INFO: non_cacheable_layout {"V":1,"Md":"cms","Ct":"index","Ac":"index","Rt":"cms"} []
[2021-05-27 22:23:26] mh_performance_dashboard.INFO: non_cacheable_layout {"V":1,"Md":"cms","Ct":"index","Ac":"index","Rt":"cms"} []
[2021-05-27 22:23:30] mh_performance_dashboard.INFO: non_cacheable_layout {"V":1,"Md":"catalog","Ct":"category","Ac":"view","Rt":"catalog"} []
[2021-05-27 22:23:31] mh_performance_dashboard.INFO: non_cacheable_layout {"V":1,"Md":"catalog","Ct":"category","Ac":"view","Rt":"catalog"} []
[2021-05-27 22:23:38] mh_performance_dashboard.INFO: non_cacheable_layout {"V":1,"Md":"cms","Ct":"index","Ac":"index","Rt":"cms"} []
[2021-05-27 22:23:38] mh_performance_dashboard.INFO: non_cacheable_layout {"V":1,"Md":"cms","Ct":"index","Ac":"index","Rt":"cms"} []
[2021-05-27 22:25:44] mh_performance_dashboard.INFO: non_cacheable_layout {"V":1,"Md":"cms","Ct":"index","Ac":"index","Rt":"cms"} []
[2021-05-27 22:25:44] mh_performance_dashboard.INFO: non_cacheable_layout {"V":1,"Md":"cms","Ct":"index","Ac":"index","Rt":"cms"} []
[2021-05-27 22:25:48] mh_performance_dashboard.INFO: non_cacheable_layout {"V":1,"Md":"catalog","Ct":"category","Ac":"view","Rt":"catalog"} []
[2021-05-27 22:25:48] mh_performance_dashboard.INFO: non_cacheable_layout {"V":1,"Md":"catalog","Ct":"category","Ac":"view","Rt":"catalog"} []
[2021-05-27 22:25:56] mh_performance_dashboard.INFO: non_cacheable_layout {"V":1,"Md":"cms","Ct":"index","Ac":"index","Rt":"cms"} []
[2021-05-27 22:25:56] mh_performance_dashboard.INFO: non_cacheable_layout {"V":1,"Md":"cms","Ct":"index","Ac":"index","Rt":"cms"} []
[2021-05-27 22:26:24] mh_performance_dashboard.INFO: non_cacheable_layout {"V":1,"Md":"cms","Ct":"index","Ac":"index","Rt":"cms"} []
[2021-05-27 22:26:24] mh_performance_dashboard.INFO: non_cacheable_layout {"V":1,"Md":"cms","Ct":"index","Ac":"index","Rt":"cms"} []
[2021-05-27 22:26:28] mh_performance_dashboard.INFO: non_cacheable_layout {"V":1,"Md":"catalog","Ct":"category","Ac":"view","Rt":"catalog"} []
[2021-05-27 22:26:28] mh_performance_dashboard.INFO: non_cacheable_layout {"V":1,"Md":"catalog","Ct":"category","Ac":"view","Rt":"catalog"} []
[2021-05-27 22:26:41] mh_performance_dashboard.INFO: non_cacheable_layout {"V":1,"Md":"catalog","Ct":"product","Ac":"view","Rt":"catalog"} []
[2021-05-27 22:26:41] mh_performance_dashboard.INFO: non_cacheable_layout {"V":1,"Md":"catalog","Ct":"product","Ac":"view","Rt":"catalog"} []
[2021-05-27 22:26:48] mh_performance_dashboard.INFO: non_cacheable_layout {"V":1,"Md":"cms","Ct":"index","Ac":"index","Rt":"cms"} []
[2021-05-27 22:26:48] mh_performance_dashboard.INFO: non_cacheable_layout {"V":1,"Md":"cms","Ct":"index","Ac":"index","Rt":"cms"} []
[2021-05-27 22:27:29] mh_performance_dashboard.INFO: non_cacheable_layout {"V":1,"Md":"catalog","Ct":"category","Ac":"view","Rt":"catalog"} []
[2021-05-27 22:27:29] mh_performance_dashboard.INFO: non_cacheable_layout {"V":1,"Md":"catalog","Ct":"category","Ac":"view","Rt":"catalog"} []
[2021-05-27 22:27:32] mh_performance_dashboard.INFO: non_cacheable_layout {"V":1,"Md":"cms","Ct":"index","Ac":"index","Rt":"cms"} []
[2021-05-27 22:27:32] mh_performance_dashboard.INFO: non_cacheable_layout {"V":1,"Md":"cms","Ct":"index","Ac":"index","Rt":"cms"} []
[2021-05-27 22:27:35] mh_performance_dashboard.INFO: non_cacheable_layout {"V":1,"Md":"cms","Ct":"index","Ac":"index","Rt":"cms"} []
[2021-05-27 22:27:35] mh_performance_dashboard.INFO: non_cacheable_layout {"V":1,"Md":"cms","Ct":"index","Ac":"index","Rt":"cms"} []
[2021-05-27 22:27:37] mh_performance_dashboard.INFO: non_cacheable_layout {"V":1,"Md":"cms","Ct":"index","Ac":"index","Rt":"cms"} []
[2021-05-27 22:27:37] mh_performance_dashboard.INFO: non_cacheable_layout {"V":1,"Md":"cms","Ct":"index","Ac":"index","Rt":"cms"} []
[2021-05-27 22:28:20] mh_performance_dashboard.INFO: non_cacheable_layout {"V":1,"Md":"cms","Ct":"index","Ac":"index","Rt":"cms"} []
[2021-05-27 22:28:20] mh_performance_dashboard.INFO: non_cacheable_layout {"V":1,"Md":"cms","Ct":"index","Ac":"index","Rt":"cms"} []
[2021-05-27 22:28:22] mh_performance_dashboard.INFO: non_cacheable_layout {"V":1,"Md":"catalog","Ct":"category","Ac":"view","Rt":"catalog"} []
[2021-05-27 22:28:22] mh_performance_dashboard.INFO: non_cacheable_layout {"V":1,"Md":"catalog","Ct":"category","Ac":"view","Rt":"catalog"} []
[2021-05-27 22:28:40] mh_performance_dashboard.INFO: non_cacheable_layout {"V":1,"Md":"cms","Ct":"index","Ac":"index","Rt":"cms"} []
[2021-05-27 22:28:40] mh_performance_dashboard.INFO: non_cacheable_layout {"V":1,"Md":"cms","Ct":"index","Ac":"index","Rt":"cms"} []
[2021-05-27 22:28:46] mh_performance_dashboard.INFO: non_cacheable_layout {"V":1,"Md":"cms","Ct":"page","Ac":"view","Rt":"cms"} []
[2021-05-27 22:28:46] mh_performance_dashboard.INFO: non_cacheable_layout {"V":1,"Md":"cms","Ct":"page","Ac":"view","Rt":"cms"} []
[2021-05-27 22:28:53] mh_performance_dashboard.INFO: non_cacheable_layout {"V":1,"Md":"cms","Ct":"index","Ac":"index","Rt":"cms"} []
[2021-05-27 22:28:53] mh_performance_dashboard.INFO: non_cacheable_layout {"V":1,"Md":"cms","Ct":"index","Ac":"index","Rt":"cms"} []
[2021-05-27 22:30:25] mh_performance_dashboard.INFO: non_cacheable_layout {"V":1,"Md":"catalog","Ct":"category","Ac":"view","Rt":"catalog"} []
[2021-05-27 22:30:25] mh_performance_dashboard.INFO: non_cacheable_layout {"V":1,"Md":"catalog","Ct":"category","Ac":"view","Rt":"catalog"} []
[2021-05-27 22:30:27] mh_performance_dashboard.INFO: non_cacheable_layout {"V":1,"Md":"cms","Ct":"index","Ac":"index","Rt":"cms"} []
[2021-05-27 22:30:27] mh_performance_dashboard.INFO: non_cacheable_layout {"V":1,"Md":"cms","Ct":"index","Ac":"index","Rt":"cms"} []
[2021-05-27 22:30:30] mh_performance_dashboard.INFO: non_cacheable_layout {"V":1,"Md":"catalog","Ct":"category","Ac":"view","Rt":"catalog"} []
[2021-05-27 22:30:30] mh_performance_dashboard.INFO: non_cacheable_layout {"V":1,"Md":"catalog","Ct":"category","Ac":"view","Rt":"catalog"} []
[2021-05-27 22:31:13] mh_performance_dashboard.INFO: non_cacheable_layout {"V":1,"Md":"catalog","Ct":"category","Ac":"view","Rt":"catalog"} []
[2021-05-27 22:31:13] mh_performance_dashboard.INFO: non_cacheable_layout {"V":1,"Md":"catalog","Ct":"category","Ac":"view","Rt":"catalog"} []
[2021-05-27 22:31:24] mh_performance_dashboard.INFO: non_cacheable_layout {"V":1,"Md":"catalog","Ct":"category","Ac":"view","Rt":"catalog"} []
[2021-05-27 22:31:24] mh_performance_dashboard.INFO: non_cacheable_layout {"V":1,"Md":"catalog","Ct":"category","Ac":"view","Rt":"catalog"} []
[2021-05-27 22:31:32] mh_performance_dashboard.INFO: non_cacheable_layout {"V":1,"Md":"catalog","Ct":"category","Ac":"view","Rt":"catalog"} []
[2021-05-27 22:31:32] mh_performance_dashboard.INFO: non_cacheable_layout {"V":1,"Md":"catalog","Ct":"category","Ac":"view","Rt":"catalog"} []
[2021-05-27 22:31:38] mh_performance_dashboard.INFO: non_cacheable_layout {"V":1,"Md":"cms","Ct":"index","Ac":"index","Rt":"cms"} []
[2021-05-27 22:31:38] mh_performance_dashboard.INFO: non_cacheable_layout {"V":1,"Md":"cms","Ct":"index","Ac":"index","Rt":"cms"} []
[2021-05-27 22:32:53] mh_performance_dashboard.INFO: non_cacheable_layout {"V":1,"Md":"cms","Ct":"page","Ac":"view","Rt":"cms"} []
[2021-05-27 22:32:53] mh_performance_dashboard.INFO: non_cacheable_layout {"V":1,"Md":"cms","Ct":"page","Ac":"view","Rt":"cms"} []
[2021-05-27 22:32:55] mh_performance_dashboard.INFO: non_cacheable_layout {"V":1,"Md":"cms","Ct":"index","Ac":"index","Rt":"cms"} []
[2021-05-27 22:32:55] mh_performance_dashboard.INFO: non_cacheable_layout {"V":1,"Md":"cms","Ct":"index","Ac":"index","Rt":"cms"} []
[2021-05-27 22:36:08] mh_performance_dashboard.INFO: non_cacheable_layout {"V":1,"Md":"catalog","Ct":"category","Ac":"view","Rt":"catalog"} []
[2021-05-27 22:36:08] mh_performance_dashboard.INFO: non_cacheable_layout {"V":1,"Md":"catalog","Ct":"category","Ac":"view","Rt":"catalog"} []
[2021-05-27 22:39:24] mh_performance_dashboard.INFO: non_cacheable_layout {"V":1,"Md":"catalog","Ct":"category","Ac":"view","Rt":"catalog"} []
[2021-05-27 22:39:24] mh_performance_dashboard.INFO: non_cacheable_layout {"V":1,"Md":"catalog","Ct":"category","Ac":"view","Rt":"catalog"} []
[2021-05-27 22:39:39] mh_performance_dashboard.INFO: non_cacheable_layout {"V":1,"Md":"cms","Ct":"index","Ac":"index","Rt":"cms"} []
[2021-05-27 22:39:39] mh_performance_dashboard.INFO: non_cacheable_layout {"V":1,"Md":"cms","Ct":"index","Ac":"index","Rt":"cms"} []
[2021-05-27 22:39:41] mh_performance_dashboard.INFO: non_cacheable_layout {"V":1,"Md":"cms","Ct":"page","Ac":"view","Rt":"cms"} []
[2021-05-27 22:39:41] mh_performance_dashboard.INFO: non_cacheable_layout {"V":1,"Md":"cms","Ct":"page","Ac":"view","Rt":"cms"} []
[2021-05-27 22:39:43] mh_performance_dashboard.INFO: non_cacheable_layout {"V":1,"Md":"catalog","Ct":"category","Ac":"view","Rt":"catalog"} []
[2021-05-27 22:39:43] mh_performance_dashboard.INFO: non_cacheable_layout {"V":1,"Md":"catalog","Ct":"category","Ac":"view","Rt":"catalog"} []
[2021-05-27 22:39:49] mh_performance_dashboard.INFO: non_cacheable_layout {"V":1,"Md":"cms","Ct":"page","Ac":"view","Rt":"cms"} []
[2021-05-27 22:39:49] mh_performance_dashboard.INFO: non_cacheable_layout {"V":1,"Md":"cms","Ct":"page","Ac":"view","Rt":"cms"} []
[2021-05-27 22:39:55] mh_performance_dashboard.INFO: non_cacheable_layout {"V":1,"Md":"cms","Ct":"noroute","Ac":"index","Rt":"cms"} []
[2021-05-27 22:39:55] mh_performance_dashboard.INFO: non_cacheable_layout {"V":1,"Md":"cms","Ct":"noroute","Ac":"index","Rt":"cms"} []
[2021-05-27 22:39:58] mh_performance_dashboard.INFO: non_cacheable_layout {"V":1,"Md":"cms","Ct":"index","Ac":"index","Rt":"cms"} []
[2021-05-27 22:39:58] mh_performance_dashboard.INFO: non_cacheable_layout {"V":1,"Md":"cms","Ct":"index","Ac":"index","Rt":"cms"} []
[2021-05-27 22:40:00] mh_performance_dashboard.INFO: non_cacheable_layout {"V":1,"Md":"cms","Ct":"page","Ac":"view","Rt":"cms"} []
[2021-05-27 22:40:00] mh_performance_dashboard.INFO: non_cacheable_layout {"V":1,"Md":"cms","Ct":"page","Ac":"view","Rt":"cms"} []
[2021-05-27 22:40:03] mh_performance_dashboard.INFO: non_cacheable_layout {"V":1,"Md":"cms","Ct":"page","Ac":"view","Rt":"cms"} []
[2021-05-27 22:40:03] mh_performance_dashboard.INFO: non_cacheable_layout {"V":1,"Md":"cms","Ct":"page","Ac":"view","Rt":"cms"} []
[2021-05-27 22:40:05] mh_performance_dashboard.INFO: non_cacheable_layout {"V":1,"Md":"cms","Ct":"index","Ac":"index","Rt":"cms"} []
[2021-05-27 22:40:05] mh_performance_dashboard.INFO: non_cacheable_layout {"V":1,"Md":"cms","Ct":"index","Ac":"index","Rt":"cms"} []
[2021-05-27 22:40:07] mh_performance_dashboard.INFO: non_cacheable_layout {"V":1,"Md":"catalog","Ct":"category","Ac":"view","Rt":"catalog"} []
[2021-05-27 22:40:07] mh_performance_dashboard.INFO: non_cacheable_layout {"V":1,"Md":"catalog","Ct":"category","Ac":"view","Rt":"catalog"} []
[2021-05-27 22:40:10] mh_performance_dashboard.INFO: non_cacheable_layout {"V":1,"Md":"catalog","Ct":"category","Ac":"view","Rt":"catalog"} []
[2021-05-27 22:40:10] mh_performance_dashboard.INFO: non_cacheable_layout {"V":1,"Md":"catalog","Ct":"category","Ac":"view","Rt":"catalog"} []
[2021-05-27 22:40:17] mh_performance_dashboard.INFO: non_cacheable_layout {"V":1,"Md":"cms","Ct":"index","Ac":"index","Rt":"cms"} []
[2021-05-27 22:40:17] mh_performance_dashboard.INFO: non_cacheable_layout {"V":1,"Md":"cms","Ct":"index","Ac":"index","Rt":"cms"} []
[2021-05-27 22:43:00] mh_performance_dashboard.INFO: non_cacheable_layout {"V":1,"Md":"cms","Ct":"index","Ac":"index","Rt":"cms"} []
[2021-05-27 22:43:00] mh_performance_dashboard.INFO: non_cacheable_layout {"V":1,"Md":"cms","Ct":"index","Ac":"index","Rt":"cms"} []
[2021-05-27 22:45:51] mh_performance_dashboard.INFO: non_cacheable_layout {"V":1,"Md":"catalog","Ct":"category","Ac":"view","Rt":"catalog"} []
[2021-05-27 22:45:51] mh_performance_dashboard.INFO: non_cacheable_layout {"V":1,"Md":"catalog","Ct":"category","Ac":"view","Rt":"catalog"} []
[2021-05-27 22:50:23] mh_performance_dashboard.INFO: non_cacheable_layout {"V":1,"Md":"cms","Ct":"index","Ac":"index","Rt":"cms"} []
[2021-05-27 22:50:23] mh_performance_dashboard.INFO: non_cacheable_layout {"V":1,"Md":"cms","Ct":"index","Ac":"index","Rt":"cms"} []
[2021-05-27 22:50:26] mh_performance_dashboard.INFO: non_cacheable_layout {"V":1,"Md":"catalog","Ct":"category","Ac":"view","Rt":"catalog"} []
[2021-05-27 22:50:26] mh_performance_dashboard.INFO: non_cacheable_layout {"V":1,"Md":"catalog","Ct":"category","Ac":"view","Rt":"catalog"} []
[2021-05-27 22:50:34] mh_performance_dashboard.INFO: non_cacheable_layout {"V":1,"Md":"catalog","Ct":"product","Ac":"view","Rt":"catalog"} []
[2021-05-27 22:50:34] mh_performance_dashboard.INFO: non_cacheable_layout {"V":1,"Md":"catalog","Ct":"product","Ac":"view","Rt":"catalog"} []
[2021-05-27 22:50:40] mh_performance_dashboard.INFO: non_cacheable_layout {"V":1,"Md":"catalog","Ct":"category","Ac":"view","Rt":"catalog"} []
[2021-05-27 22:50:40] mh_performance_dashboard.INFO: non_cacheable_layout {"V":1,"Md":"catalog","Ct":"category","Ac":"view","Rt":"catalog"} []
[2021-05-27 22:52:37] mh_performance_dashboard.INFO: non_cacheable_layout {"V":1,"Md":"catalog","Ct":"category","Ac":"view","Rt":"catalog"} []
[2021-05-27 22:52:37] mh_performance_dashboard.INFO: non_cacheable_layout {"V":1,"Md":"catalog","Ct":"category","Ac":"view","Rt":"catalog"} []
[2021-05-27 22:52:48] mh_performance_dashboard.INFO: non_cacheable_layout {"V":1,"Md":"cms","Ct":"index","Ac":"index","Rt":"cms"} []
[2021-05-27 22:52:48] mh_performance_dashboard.INFO: non_cacheable_layout {"V":1,"Md":"cms","Ct":"index","Ac":"index","Rt":"cms"} []
[2021-05-27 22:52:51] mh_performance_dashboard.INFO: non_cacheable_layout {"V":1,"Md":"cms","Ct":"page","Ac":"view","Rt":"cms"} []
[2021-05-27 22:52:51] mh_performance_dashboard.INFO: non_cacheable_layout {"V":1,"Md":"cms","Ct":"page","Ac":"view","Rt":"cms"} []
[2021-05-27 22:52:56] mh_performance_dashboard.INFO: non_cacheable_layout {"V":1,"Md":"cms","Ct":"index","Ac":"index","Rt":"cms"} []
[2021-05-27 22:52:56] mh_performance_dashboard.INFO: non_cacheable_layout {"V":1,"Md":"cms","Ct":"index","Ac":"index","Rt":"cms"} []
[2021-05-27 22:53:04] mh_performance_dashboard.INFO: non_cacheable_layout {"V":1,"Md":"catalog","Ct":"category","Ac":"view","Rt":"catalog"} []
[2021-05-27 22:53:04] mh_performance_dashboard.INFO: non_cacheable_layout {"V":1,"Md":"catalog","Ct":"category","Ac":"view","Rt":"catalog"} []
[2021-05-27 22:53:12] mh_performance_dashboard.INFO: non_cacheable_layout {"V":1,"Md":"catalog","Ct":"category","Ac":"view","Rt":"catalog"} []
[2021-05-27 22:53:12] mh_performance_dashboard.INFO: non_cacheable_layout {"V":1,"Md":"catalog","Ct":"category","Ac":"view","Rt":"catalog"} []
[2021-05-27 22:53:19] mh_performance_dashboard.INFO: non_cacheable_layout {"V":1,"Md":"cms","Ct":"index","Ac":"index","Rt":"cms"} []
[2021-05-27 22:53:19] mh_performance_dashboard.INFO: non_cacheable_layout {"V":1,"Md":"cms","Ct":"index","Ac":"index","Rt":"cms"} []
[2021-05-27 22:53:36] mh_performance_dashboard.INFO: non_cacheable_layout {"V":1,"Md":"cms","Ct":"index","Ac":"index","Rt":"cms"} []
[2021-05-27 22:53:36] mh_performance_dashboard.INFO: non_cacheable_layout {"V":1,"Md":"cms","Ct":"index","Ac":"index","Rt":"cms"} []
[2021-05-27 22:54:08] mh_performance_dashboard.INFO: non_cacheable_layout {"V":1,"Md":"cms","Ct":"index","Ac":"index","Rt":"cms"} []
[2021-05-27 22:54:08] mh_performance_dashboard.INFO: non_cacheable_layout {"V":1,"Md":"cms","Ct":"index","Ac":"index","Rt":"cms"} []
[2021-05-27 22:54:17] mh_performance_dashboard.INFO: non_cacheable_layout {"V":1,"Md":"catalog","Ct":"category","Ac":"view","Rt":"catalog"} []
[2021-05-27 22:54:17] mh_performance_dashboard.INFO: non_cacheable_layout {"V":1,"Md":"catalog","Ct":"category","Ac":"view","Rt":"catalog"} []
[2021-05-27 22:54:20] mh_performance_dashboard.INFO: non_cacheable_layout {"V":1,"Md":"cms","Ct":"index","Ac":"index","Rt":"cms"} []
[2021-05-27 22:54:20] mh_performance_dashboard.INFO: non_cacheable_layout {"V":1,"Md":"cms","Ct":"index","Ac":"index","Rt":"cms"} []
[2021-05-27 22:55:02] mh_performance_dashboard.INFO: non_cacheable_layout {"V":1,"Md":"cms","Ct":"index","Ac":"index","Rt":"cms"} []
[2021-05-27 22:55:02] mh_performance_dashboard.INFO: non_cacheable_layout {"V":1,"Md":"cms","Ct":"index","Ac":"index","Rt":"cms"} []
[2021-05-27 22:56:48] mh_performance_dashboard.INFO: non_cacheable_layout {"V":1,"Md":"cms","Ct":"index","Ac":"index","Rt":"cms"} []
[2021-05-27 22:56:49] mh_performance_dashboard.INFO: non_cacheable_layout {"V":1,"Md":"cms","Ct":"index","Ac":"index","Rt":"cms"} []
[2021-05-27 22:56:54] mh_performance_dashboard.INFO: non_cacheable_layout {"V":1,"Md":"catalog","Ct":"category","Ac":"view","Rt":"catalog"} []
[2021-05-27 22:56:54] mh_performance_dashboard.INFO: non_cacheable_layout {"V":1,"Md":"catalog","Ct":"category","Ac":"view","Rt":"catalog"} []
[2021-05-27 22:56:57] mh_performance_dashboard.INFO: non_cacheable_layout {"V":1,"Md":"cms","Ct":"index","Ac":"index","Rt":"cms"} []
[2021-05-27 22:56:57] mh_performance_dashboard.INFO: non_cacheable_layout {"V":1,"Md":"cms","Ct":"index","Ac":"index","Rt":"cms"} []
[2021-05-27 22:57:22] mh_performance_dashboard.INFO: non_cacheable_layout {"V":1,"Md":"cms","Ct":"noroute","Ac":"index","Rt":"cms"} []
[2021-05-27 22:57:22] mh_performance_dashboard.INFO: non_cacheable_layout {"V":1,"Md":"cms","Ct":"noroute","Ac":"index","Rt":"cms"} []
[2021-05-27 22:57:50] mh_performance_dashboard.INFO: non_cacheable_layout {"V":1,"Md":"cms","Ct":"index","Ac":"index","Rt":"cms"} []
[2021-05-27 22:57:50] mh_performance_dashboard.INFO: non_cacheable_layout {"V":1,"Md":"cms","Ct":"index","Ac":"index","Rt":"cms"} []
[2021-05-27 22:58:06] mh_performance_dashboard.INFO: non_cacheable_layout {"V":1,"Md":"cms","Ct":"noroute","Ac":"index","Rt":"cms"} []
[2021-05-27 22:58:06] mh_performance_dashboard.INFO: non_cacheable_layout {"V":1,"Md":"cms","Ct":"noroute","Ac":"index","Rt":"cms"} []
[2021-05-27 22:59:54] mh_performance_dashboard.INFO: non_cacheable_layout {"V":1,"Md":"cms","Ct":"index","Ac":"index","Rt":"cms"} []
[2021-05-27 22:59:54] mh_performance_dashboard.INFO: non_cacheable_layout {"V":1,"Md":"cms","Ct":"index","Ac":"index","Rt":"cms"} []
[2021-05-27 23:00:18] mh_performance_dashboard.INFO: non_cacheable_layout {"V":1,"Md":"cms","Ct":"index","Ac":"index","Rt":"cms"} []
[2021-05-27 23:00:18] mh_performance_dashboard.INFO: non_cacheable_layout {"V":1,"Md":"cms","Ct":"index","Ac":"index","Rt":"cms"} []
[2021-05-27 23:04:35] mh_performance_dashboard.INFO: non_cacheable_layout {"V":1,"Md":"cms","Ct":"index","Ac":"index","Rt":"cms"} []
[2021-05-27 23:04:35] mh_performance_dashboard.INFO: non_cacheable_layout {"V":1,"Md":"cms","Ct":"index","Ac":"index","Rt":"cms"} []
[2021-05-27 23:04:37] mh_performance_dashboard.INFO: non_cacheable_layout {"V":1,"Md":"catalog","Ct":"category","Ac":"view","Rt":"catalog"} []
[2021-05-27 23:04:37] mh_performance_dashboard.INFO: non_cacheable_layout {"V":1,"Md":"catalog","Ct":"category","Ac":"view","Rt":"catalog"} []
[2021-05-27 23:04:42] mh_performance_dashboard.INFO: non_cacheable_layout {"V":1,"Md":"catalog","Ct":"product","Ac":"view","Rt":"catalog"} []
[2021-05-27 23:04:42] mh_performance_dashboard.INFO: non_cacheable_layout {"V":1,"Md":"catalog","Ct":"product","Ac":"view","Rt":"catalog"} []
[2021-05-27 23:04:48] mh_performance_dashboard.INFO: non_cacheable_layout {"V":1,"Md":"cms","Ct":"index","Ac":"index","Rt":"cms"} []
[2021-05-27 23:04:48] mh_performance_dashboard.INFO: non_cacheable_layout {"V":1,"Md":"cms","Ct":"index","Ac":"index","Rt":"cms"} []
[2021-05-27 23:04:50] mh_performance_dashboard.INFO: non_cacheable_layout {"V":1,"Md":"catalog","Ct":"category","Ac":"view","Rt":"catalog"} []
[2021-05-27 23:04:50] mh_performance_dashboard.INFO: non_cacheable_layout {"V":1,"Md":"catalog","Ct":"category","Ac":"view","Rt":"catalog"} []
[2021-05-27 23:05:00] mh_performance_dashboard.INFO: non_cacheable_layout {"V":1,"Md":"catalog","Ct":"category","Ac":"view","Rt":"catalog"} []
[2021-05-27 23:05:00] mh_performance_dashboard.INFO: non_cacheable_layout {"V":1,"Md":"catalog","Ct":"category","Ac":"view","Rt":"catalog"} []
[2021-05-27 23:10:42] mh_performance_dashboard.INFO: non_cacheable_layout {"V":1,"Md":"catalog","Ct":"category","Ac":"view","Rt":"catalog"} []
[2021-05-27 23:10:42] mh_performance_dashboard.INFO: non_cacheable_layout {"V":1,"Md":"catalog","Ct":"category","Ac":"view","Rt":"catalog"} []
[2021-05-27 23:10:48] mh_performance_dashboard.INFO: non_cacheable_layout {"V":1,"Md":"cms","Ct":"index","Ac":"index","Rt":"cms"} []
[2021-05-27 23:10:48] mh_performance_dashboard.INFO: non_cacheable_layout {"V":1,"Md":"cms","Ct":"index","Ac":"index","Rt":"cms"} []
