[2021-06-02 01:41:18] mh_performance_dashboard.INFO: non_cacheable_layout {"V":1,"Md":"cms","Ct":"index","Ac":"index","Rt":"cms"} []
[2021-06-02 01:41:18] mh_performance_dashboard.INFO: non_cacheable_layout {"V":1,"Md":"cms","Ct":"index","Ac":"index","Rt":"cms"} []
[2021-06-02 01:41:27] mh_performance_dashboard.INFO: non_cacheable_layout {"V":1,"Md":"cms","Ct":"noroute","Ac":"index","Rt":"cms"} []
[2021-06-02 01:41:27] mh_performance_dashboard.INFO: non_cacheable_layout {"V":1,"Md":"cms","Ct":"noroute","Ac":"index","Rt":"cms"} []
[2021-06-02 01:41:53] mh_performance_dashboard.INFO: non_cacheable_layout {"V":1,"Md":"catalog","Ct":"category","Ac":"view","Rt":"catalog"} []
[2021-06-02 01:41:53] mh_performance_dashboard.INFO: non_cacheable_layout {"V":1,"Md":"catalog","Ct":"category","Ac":"view","Rt":"catalog"} []
[2021-06-02 01:41:59] mh_performance_dashboard.INFO: non_cacheable_layout {"V":1,"Md":"catalog","Ct":"product","Ac":"view","Rt":"catalog"} []
[2021-06-02 01:41:59] mh_performance_dashboard.INFO: non_cacheable_layout {"V":1,"Md":"catalog","Ct":"product","Ac":"view","Rt":"catalog"} []
[2021-06-02 01:42:12] mh_performance_dashboard.INFO: non_cacheable_layout {"V":1,"Md":"catalog","Ct":"category","Ac":"view","Rt":"catalog"} []
[2021-06-02 01:42:12] mh_performance_dashboard.INFO: non_cacheable_layout {"V":1,"Md":"catalog","Ct":"category","Ac":"view","Rt":"catalog"} []
[2021-06-02 01:42:13] mh_performance_dashboard.INFO: non_cacheable_layout {"V":1,"Md":"catalog","Ct":"product","Ac":"view","Rt":"catalog"} []
[2021-06-02 01:42:13] mh_performance_dashboard.INFO: non_cacheable_layout {"V":1,"Md":"catalog","Ct":"product","Ac":"view","Rt":"catalog"} []
[2021-06-02 01:42:30] mh_performance_dashboard.INFO: non_cacheable_layout {"V":1,"Md":"cms","Ct":"page","Ac":"view","Rt":"cms"} []
[2021-06-02 01:42:30] mh_performance_dashboard.INFO: non_cacheable_layout {"V":1,"Md":"cms","Ct":"page","Ac":"view","Rt":"cms"} []
[2021-06-02 01:42:34] mh_performance_dashboard.INFO: non_cacheable_layout {"V":1,"Md":"cms","Ct":"page","Ac":"view","Rt":"cms"} []
[2021-06-02 01:42:34] mh_performance_dashboard.INFO: non_cacheable_layout {"V":1,"Md":"cms","Ct":"page","Ac":"view","Rt":"cms"} []
[2021-06-02 01:42:58] mh_performance_dashboard.INFO: non_cacheable_layout {"V":1,"Md":"cms","Ct":"page","Ac":"view","Rt":"cms"} []
[2021-06-02 01:42:58] mh_performance_dashboard.INFO: non_cacheable_layout {"V":1,"Md":"cms","Ct":"page","Ac":"view","Rt":"cms"} []
[2021-06-02 01:43:22] mh_performance_dashboard.INFO: non_cacheable_layout {"V":1,"Md":"cms","Ct":"page","Ac":"view","Rt":"cms"} []
[2021-06-02 01:43:22] mh_performance_dashboard.INFO: non_cacheable_layout {"V":1,"Md":"cms","Ct":"page","Ac":"view","Rt":"cms"} []
[2021-06-02 01:43:24] mh_performance_dashboard.INFO: non_cacheable_layout {"V":1,"Md":"catalog","Ct":"category","Ac":"view","Rt":"catalog"} []
[2021-06-02 01:43:24] mh_performance_dashboard.INFO: non_cacheable_layout {"V":1,"Md":"catalog","Ct":"category","Ac":"view","Rt":"catalog"} []
[2021-06-02 01:43:29] mh_performance_dashboard.INFO: non_cacheable_layout {"V":1,"Md":"catalog","Ct":"product","Ac":"view","Rt":"catalog"} []
[2021-06-02 01:43:29] mh_performance_dashboard.INFO: non_cacheable_layout {"V":1,"Md":"catalog","Ct":"product","Ac":"view","Rt":"catalog"} []
[2021-06-02 01:43:35] mh_performance_dashboard.INFO: non_cacheable_layout {"V":1,"Md":"cms","Ct":"index","Ac":"index","Rt":"cms"} []
[2021-06-02 01:43:35] mh_performance_dashboard.INFO: non_cacheable_layout {"V":1,"Md":"cms","Ct":"index","Ac":"index","Rt":"cms"} []
[2021-06-02 01:43:46] mh_performance_dashboard.INFO: non_cacheable_layout {"V":1,"Md":"cms","Ct":"index","Ac":"index","Rt":"cms"} []
[2021-06-02 01:43:46] mh_performance_dashboard.INFO: non_cacheable_layout {"V":1,"Md":"cms","Ct":"index","Ac":"index","Rt":"cms"} []
[2021-06-02 01:45:07] mh_performance_dashboard.INFO: non_cacheable_layout {"V":1,"Md":"cms","Ct":"noroute","Ac":"index","Rt":"cms"} []
[2021-06-02 01:45:07] mh_performance_dashboard.INFO: non_cacheable_layout {"V":1,"Md":"cms","Ct":"noroute","Ac":"index","Rt":"cms"} []
[2021-06-02 01:46:10] mh_performance_dashboard.INFO: non_cacheable_layout {"V":1,"Md":"cms","Ct":"noroute","Ac":"index","Rt":"cms"} []
[2021-06-02 01:46:10] mh_performance_dashboard.INFO: non_cacheable_layout {"V":1,"Md":"cms","Ct":"noroute","Ac":"index","Rt":"cms"} []
[2021-06-02 01:53:05] mh_performance_dashboard.INFO: non_cacheable_layout {"V":1,"Md":"cms","Ct":"index","Ac":"index","Rt":"cms"} []
[2021-06-02 01:53:05] mh_performance_dashboard.INFO: non_cacheable_layout {"V":1,"Md":"cms","Ct":"index","Ac":"index","Rt":"cms"} []
[2021-06-02 01:58:53] mh_performance_dashboard.INFO: non_cacheable_layout {"V":1,"Md":"cms","Ct":"index","Ac":"index","Rt":"cms"} []
[2021-06-02 01:58:53] mh_performance_dashboard.INFO: non_cacheable_layout {"V":1,"Md":"cms","Ct":"index","Ac":"index","Rt":"cms"} []
[2021-06-02 01:58:58] mh_performance_dashboard.INFO: non_cacheable_layout {"V":1,"Md":"cms","Ct":"page","Ac":"view","Rt":"cms"} []
[2021-06-02 01:58:58] mh_performance_dashboard.INFO: non_cacheable_layout {"V":1,"Md":"cms","Ct":"page","Ac":"view","Rt":"cms"} []
[2021-06-02 01:59:05] mh_performance_dashboard.INFO: non_cacheable_layout {"V":1,"Md":"catalog","Ct":"category","Ac":"view","Rt":"catalog"} []
[2021-06-02 01:59:05] mh_performance_dashboard.INFO: non_cacheable_layout {"V":1,"Md":"catalog","Ct":"category","Ac":"view","Rt":"catalog"} []
[2021-06-02 01:59:08] mh_performance_dashboard.INFO: non_cacheable_layout {"V":1,"Md":"cms","Ct":"index","Ac":"index","Rt":"cms"} []
[2021-06-02 01:59:08] mh_performance_dashboard.INFO: non_cacheable_layout {"V":1,"Md":"cms","Ct":"index","Ac":"index","Rt":"cms"} []
[2021-06-02 01:59:10] mh_performance_dashboard.INFO: non_cacheable_layout {"V":1,"Md":"cms","Ct":"page","Ac":"view","Rt":"cms"} []
[2021-06-02 01:59:10] mh_performance_dashboard.INFO: non_cacheable_layout {"V":1,"Md":"cms","Ct":"page","Ac":"view","Rt":"cms"} []
[2021-06-02 01:59:12] mh_performance_dashboard.INFO: non_cacheable_layout {"V":1,"Md":"cms","Ct":"page","Ac":"view","Rt":"cms"} []
[2021-06-02 01:59:12] mh_performance_dashboard.INFO: non_cacheable_layout {"V":1,"Md":"cms","Ct":"page","Ac":"view","Rt":"cms"} []
[2021-06-02 01:59:13] mh_performance_dashboard.INFO: non_cacheable_layout {"V":1,"Md":"cms","Ct":"index","Ac":"index","Rt":"cms"} []
[2021-06-02 01:59:13] mh_performance_dashboard.INFO: non_cacheable_layout {"V":1,"Md":"cms","Ct":"index","Ac":"index","Rt":"cms"} []
[2021-06-02 01:59:21] mh_performance_dashboard.INFO: non_cacheable_layout {"V":1,"Md":"cms","Ct":"index","Ac":"index","Rt":"cms"} []
[2021-06-02 01:59:21] mh_performance_dashboard.INFO: non_cacheable_layout {"V":1,"Md":"cms","Ct":"index","Ac":"index","Rt":"cms"} []
[2021-06-02 02:01:21] mh_performance_dashboard.INFO: non_cacheable_layout {"V":1,"Md":"cms","Ct":"index","Ac":"index","Rt":"cms"} []
[2021-06-02 02:01:21] mh_performance_dashboard.INFO: non_cacheable_layout {"V":1,"Md":"cms","Ct":"index","Ac":"index","Rt":"cms"} []
[2021-06-02 02:24:59] mh_performance_dashboard.INFO: non_cacheable_layout {"V":1,"Md":"cms","Ct":"index","Ac":"index","Rt":"cms"} []
[2021-06-02 02:24:59] mh_performance_dashboard.INFO: non_cacheable_layout {"V":1,"Md":"cms","Ct":"index","Ac":"index","Rt":"cms"} []
[2021-06-02 02:25:03] mh_performance_dashboard.INFO: non_cacheable_layout {"V":1,"Md":"catalog","Ct":"category","Ac":"view","Rt":"catalog"} []
[2021-06-02 02:25:03] mh_performance_dashboard.INFO: non_cacheable_layout {"V":1,"Md":"catalog","Ct":"category","Ac":"view","Rt":"catalog"} []
[2021-06-02 02:25:10] mh_performance_dashboard.INFO: non_cacheable_layout {"V":1,"Md":"catalog","Ct":"category","Ac":"view","Rt":"catalog"} []
[2021-06-02 02:25:10] mh_performance_dashboard.INFO: non_cacheable_layout {"V":1,"Md":"catalog","Ct":"category","Ac":"view","Rt":"catalog"} []
[2021-06-02 02:25:21] mh_performance_dashboard.INFO: non_cacheable_layout {"V":1,"Md":"cms","Ct":"index","Ac":"index","Rt":"cms"} []
[2021-06-02 02:25:21] mh_performance_dashboard.INFO: non_cacheable_layout {"V":1,"Md":"cms","Ct":"index","Ac":"index","Rt":"cms"} []
[2021-06-02 02:25:26] mh_performance_dashboard.INFO: non_cacheable_layout {"V":1,"Md":"catalog","Ct":"category","Ac":"view","Rt":"catalog"} []
[2021-06-02 02:25:26] mh_performance_dashboard.INFO: non_cacheable_layout {"V":1,"Md":"catalog","Ct":"category","Ac":"view","Rt":"catalog"} []
[2021-06-02 02:25:29] mh_performance_dashboard.INFO: non_cacheable_layout {"V":1,"Md":"catalog","Ct":"category","Ac":"view","Rt":"catalog"} []
[2021-06-02 02:25:29] mh_performance_dashboard.INFO: non_cacheable_layout {"V":1,"Md":"catalog","Ct":"category","Ac":"view","Rt":"catalog"} []
[2021-06-02 02:25:31] mh_performance_dashboard.INFO: non_cacheable_layout {"V":1,"Md":"cms","Ct":"index","Ac":"index","Rt":"cms"} []
[2021-06-02 02:25:31] mh_performance_dashboard.INFO: non_cacheable_layout {"V":1,"Md":"cms","Ct":"index","Ac":"index","Rt":"cms"} []
[2021-06-02 02:25:35] mh_performance_dashboard.INFO: non_cacheable_layout {"V":1,"Md":"cms","Ct":"page","Ac":"view","Rt":"cms"} []
[2021-06-02 02:25:35] mh_performance_dashboard.INFO: non_cacheable_layout {"V":1,"Md":"cms","Ct":"page","Ac":"view","Rt":"cms"} []
[2021-06-02 02:25:38] mh_performance_dashboard.INFO: non_cacheable_layout {"V":1,"Md":"cms","Ct":"index","Ac":"index","Rt":"cms"} []
[2021-06-02 02:25:38] mh_performance_dashboard.INFO: non_cacheable_layout {"V":1,"Md":"cms","Ct":"index","Ac":"index","Rt":"cms"} []
[2021-06-02 02:26:54] mh_performance_dashboard.INFO: non_cacheable_layout {"V":1,"Md":"cms","Ct":"page","Ac":"view","Rt":"cms"} []
[2021-06-02 02:26:54] mh_performance_dashboard.INFO: non_cacheable_layout {"V":1,"Md":"cms","Ct":"page","Ac":"view","Rt":"cms"} []
[2021-06-02 02:27:01] mh_performance_dashboard.INFO: non_cacheable_layout {"V":1,"Md":"catalog","Ct":"category","Ac":"view","Rt":"catalog"} []
[2021-06-02 02:27:01] mh_performance_dashboard.INFO: non_cacheable_layout {"V":1,"Md":"catalog","Ct":"category","Ac":"view","Rt":"catalog"} []
[2021-06-02 02:27:10] mh_performance_dashboard.INFO: non_cacheable_layout {"V":1,"Md":"catalog","Ct":"category","Ac":"view","Rt":"catalog"} []
[2021-06-02 02:27:10] mh_performance_dashboard.INFO: non_cacheable_layout {"V":1,"Md":"catalog","Ct":"category","Ac":"view","Rt":"catalog"} []
[2021-06-02 02:27:12] mh_performance_dashboard.INFO: non_cacheable_layout {"V":1,"Md":"catalog","Ct":"category","Ac":"view","Rt":"catalog"} []
[2021-06-02 02:27:12] mh_performance_dashboard.INFO: non_cacheable_layout {"V":1,"Md":"catalog","Ct":"category","Ac":"view","Rt":"catalog"} []
[2021-06-02 02:27:20] mh_performance_dashboard.INFO: non_cacheable_layout {"V":1,"Md":"catalog","Ct":"product","Ac":"view","Rt":"catalog"} []
[2021-06-02 02:27:20] mh_performance_dashboard.INFO: non_cacheable_layout {"V":1,"Md":"catalog","Ct":"product","Ac":"view","Rt":"catalog"} []
[2021-06-02 02:27:29] mh_performance_dashboard.INFO: non_cacheable_layout {"V":1,"Md":"cms","Ct":"index","Ac":"index","Rt":"cms"} []
[2021-06-02 02:27:29] mh_performance_dashboard.INFO: non_cacheable_layout {"V":1,"Md":"cms","Ct":"index","Ac":"index","Rt":"cms"} []
[2021-06-02 02:27:35] mh_performance_dashboard.INFO: non_cacheable_layout {"V":1,"Md":"cms","Ct":"page","Ac":"view","Rt":"cms"} []
[2021-06-02 02:27:35] mh_performance_dashboard.INFO: non_cacheable_layout {"V":1,"Md":"cms","Ct":"page","Ac":"view","Rt":"cms"} []
[2021-06-02 02:27:36] mh_performance_dashboard.INFO: non_cacheable_layout {"V":1,"Md":"catalog","Ct":"category","Ac":"view","Rt":"catalog"} []
[2021-06-02 02:27:36] mh_performance_dashboard.INFO: non_cacheable_layout {"V":1,"Md":"catalog","Ct":"category","Ac":"view","Rt":"catalog"} []
[2021-06-02 02:27:39] mh_performance_dashboard.INFO: non_cacheable_layout {"V":1,"Md":"cms","Ct":"index","Ac":"index","Rt":"cms"} []
[2021-06-02 02:27:39] mh_performance_dashboard.INFO: non_cacheable_layout {"V":1,"Md":"cms","Ct":"index","Ac":"index","Rt":"cms"} []
[2021-06-02 02:28:22] mh_performance_dashboard.INFO: non_cacheable_layout {"V":1,"Md":"catalog","Ct":"category","Ac":"view","Rt":"catalog"} []
[2021-06-02 02:28:22] mh_performance_dashboard.INFO: non_cacheable_layout {"V":1,"Md":"catalog","Ct":"category","Ac":"view","Rt":"catalog"} []
[2021-06-02 02:28:26] mh_performance_dashboard.INFO: non_cacheable_layout {"V":1,"Md":"catalog","Ct":"category","Ac":"view","Rt":"catalog"} []
[2021-06-02 02:28:26] mh_performance_dashboard.INFO: non_cacheable_layout {"V":1,"Md":"catalog","Ct":"category","Ac":"view","Rt":"catalog"} []
[2021-06-02 02:28:29] mh_performance_dashboard.INFO: non_cacheable_layout {"V":1,"Md":"cms","Ct":"index","Ac":"index","Rt":"cms"} []
[2021-06-02 02:28:29] mh_performance_dashboard.INFO: non_cacheable_layout {"V":1,"Md":"cms","Ct":"index","Ac":"index","Rt":"cms"} []
[2021-06-02 02:28:31] mh_performance_dashboard.INFO: non_cacheable_layout {"V":1,"Md":"cms","Ct":"page","Ac":"view","Rt":"cms"} []
[2021-06-02 02:28:31] mh_performance_dashboard.INFO: non_cacheable_layout {"V":1,"Md":"cms","Ct":"page","Ac":"view","Rt":"cms"} []
[2021-06-02 02:54:02] mh_performance_dashboard.INFO: non_cacheable_layout {"V":1,"Md":"cms","Ct":"page","Ac":"view","Rt":"cms"} []
[2021-06-02 02:54:02] mh_performance_dashboard.INFO: non_cacheable_layout {"V":1,"Md":"cms","Ct":"page","Ac":"view","Rt":"cms"} []
[2021-06-02 02:54:04] mh_performance_dashboard.INFO: non_cacheable_layout {"V":1,"Md":"cms","Ct":"index","Ac":"index","Rt":"cms"} []
[2021-06-02 02:54:04] mh_performance_dashboard.INFO: non_cacheable_layout {"V":1,"Md":"cms","Ct":"index","Ac":"index","Rt":"cms"} []
[2021-06-02 02:54:21] mh_performance_dashboard.INFO: non_cacheable_layout {"V":1,"Md":"cms","Ct":"page","Ac":"view","Rt":"cms"} []
[2021-06-02 02:54:21] mh_performance_dashboard.INFO: non_cacheable_layout {"V":1,"Md":"cms","Ct":"page","Ac":"view","Rt":"cms"} []
[2021-06-02 02:54:23] mh_performance_dashboard.INFO: non_cacheable_layout {"V":1,"Md":"catalog","Ct":"category","Ac":"view","Rt":"catalog"} []
[2021-06-02 02:54:23] mh_performance_dashboard.INFO: non_cacheable_layout {"V":1,"Md":"catalog","Ct":"category","Ac":"view","Rt":"catalog"} []
[2021-06-02 02:54:26] mh_performance_dashboard.INFO: non_cacheable_layout {"V":1,"Md":"catalog","Ct":"product","Ac":"view","Rt":"catalog"} []
[2021-06-02 02:54:26] mh_performance_dashboard.INFO: non_cacheable_layout {"V":1,"Md":"catalog","Ct":"product","Ac":"view","Rt":"catalog"} []
[2021-06-02 02:56:13] mh_performance_dashboard.INFO: non_cacheable_layout {"V":1,"Md":"cms","Ct":"noroute","Ac":"index","Rt":"cms"} []
[2021-06-02 02:56:13] mh_performance_dashboard.INFO: non_cacheable_layout {"V":1,"Md":"cms","Ct":"noroute","Ac":"index","Rt":"cms"} []
[2021-06-02 02:56:20] mh_performance_dashboard.INFO: non_cacheable_layout {"V":1,"Md":"cms","Ct":"index","Ac":"index","Rt":"cms"} []
[2021-06-02 02:56:20] mh_performance_dashboard.INFO: non_cacheable_layout {"V":1,"Md":"cms","Ct":"index","Ac":"index","Rt":"cms"} []
[2021-06-02 03:02:34] mh_performance_dashboard.INFO: non_cacheable_layout {"V":1,"Md":"cms","Ct":"index","Ac":"index","Rt":"cms"} []
[2021-06-02 03:02:34] mh_performance_dashboard.INFO: non_cacheable_layout {"V":1,"Md":"cms","Ct":"index","Ac":"index","Rt":"cms"} []
[2021-06-02 03:02:42] mh_performance_dashboard.INFO: non_cacheable_layout {"V":1,"Md":"catalog","Ct":"category","Ac":"view","Rt":"catalog"} []
[2021-06-02 03:02:42] mh_performance_dashboard.INFO: non_cacheable_layout {"V":1,"Md":"catalog","Ct":"category","Ac":"view","Rt":"catalog"} []
[2021-06-02 03:02:45] mh_performance_dashboard.INFO: non_cacheable_layout {"V":1,"Md":"cms","Ct":"index","Ac":"index","Rt":"cms"} []
[2021-06-02 03:02:45] mh_performance_dashboard.INFO: non_cacheable_layout {"V":1,"Md":"cms","Ct":"index","Ac":"index","Rt":"cms"} []
